mode: set
github.com/cdvelop/tinystring/abi.go:54.31,55.29 1 1
github.com/cdvelop/tinystring/abi.go:55.29,57.3 1 1
github.com/cdvelop/tinystring/abi.go:58.2,58.21 1 1
github.com/cdvelop/tinystring/abi.go:118.34,120.2 1 1
github.com/cdvelop/tinystring/abi.go:149.48,152.2 2 1
github.com/cdvelop/tinystring/abi.go:159.68,161.16 1 1
github.com/cdvelop/tinystring/abi.go:161.16,164.37 2 1
github.com/cdvelop/tinystring/abi.go:164.37,166.4 1 1
github.com/cdvelop/tinystring/abi.go:167.3,168.16 2 1
github.com/cdvelop/tinystring/abi.go:168.16,169.9 1 0
github.com/cdvelop/tinystring/abi.go:173.3,174.88 2 1
github.com/cdvelop/tinystring/abi.go:174.88,176.4 1 1
github.com/cdvelop/tinystring/abi.go:177.3,177.68 1 1
github.com/cdvelop/tinystring/abi.go:177.68,178.9 1 1
github.com/cdvelop/tinystring/abi.go:180.3,185.37 4 1
github.com/cdvelop/tinystring/abi.go:185.37,186.22 1 1
github.com/cdvelop/tinystring/abi.go:186.22,188.5 1 1
github.com/cdvelop/tinystring/abi.go:189.4,189.7 1 1
github.com/cdvelop/tinystring/abi.go:191.3,191.20 1 1
github.com/cdvelop/tinystring/abi.go:191.20,192.9 1 0
github.com/cdvelop/tinystring/abi.go:194.3,197.18 3 1
github.com/cdvelop/tinystring/abi.go:197.18,199.76 1 1
github.com/cdvelop/tinystring/abi.go:199.76,203.37 3 1
github.com/cdvelop/tinystring/abi.go:203.37,204.46 1 1
github.com/cdvelop/tinystring/abi.go:204.46,205.25 1 1
github.com/cdvelop/tinystring/abi.go:206.16,207.22 1 1
github.com/cdvelop/tinystring/abi.go:208.16,209.22 1 1
github.com/cdvelop/tinystring/abi.go:210.16,211.22 1 0
github.com/cdvelop/tinystring/abi.go:212.17,213.22 1 1
github.com/cdvelop/tinystring/abi.go:214.16,215.22 1 1
github.com/cdvelop/tinystring/abi.go:216.15,218.16 2 0
github.com/cdvelop/tinystring/abi.go:220.7,220.10 1 1
github.com/cdvelop/tinystring/abi.go:221.12,223.7 1 1
github.com/cdvelop/tinystring/abi.go:225.5,225.24 1 1
github.com/cdvelop/tinystring/abi.go:227.4,227.23 1 0
github.com/cdvelop/tinystring/abi.go:230.2,230.18 1 1
github.com/cdvelop/tinystring/abi.go:259.31,261.2 1 1
github.com/cdvelop/tinystring/abi.go:264.34,266.2 1 1
github.com/cdvelop/tinystring/abi.go:269.35,270.18 1 1
github.com/cdvelop/tinystring/abi.go:271.17,273.17 2 1
github.com/cdvelop/tinystring/abi.go:274.15,276.17 2 0
github.com/cdvelop/tinystring/abi.go:277.15,279.17 2 1
github.com/cdvelop/tinystring/abi.go:281.10,282.13 1 0
github.com/cdvelop/tinystring/abi.go:287.38,289.2 1 1
github.com/cdvelop/tinystring/abi.go:299.40,301.2 1 1
github.com/cdvelop/tinystring/abi.go:304.52,305.33 1 1
github.com/cdvelop/tinystring/abi.go:305.33,306.45 1 1
github.com/cdvelop/tinystring/abi.go:308.2,308.21 1 1
github.com/cdvelop/tinystring/abi.go:312.32,313.20 1 1
github.com/cdvelop/tinystring/abi.go:313.20,315.3 1 0
github.com/cdvelop/tinystring/abi.go:316.2,317.65 2 1
github.com/cdvelop/tinystring/abi.go:321.31,322.20 1 1
github.com/cdvelop/tinystring/abi.go:322.20,324.3 1 0
github.com/cdvelop/tinystring/abi.go:328.2,329.12 2 1
github.com/cdvelop/tinystring/abi.go:329.12,331.3 1 0
github.com/cdvelop/tinystring/abi.go:333.2,337.19 3 1
github.com/cdvelop/tinystring/abi.go:337.19,339.15 2 1
github.com/cdvelop/tinystring/abi.go:339.15,341.4 1 1
github.com/cdvelop/tinystring/abi.go:343.2,343.11 1 1
github.com/cdvelop/tinystring/abi.go:347.36,349.2 1 1
github.com/cdvelop/tinystring/abi.go:352.49,354.20 2 1
github.com/cdvelop/tinystring/abi.go:354.20,357.18 3 1
github.com/cdvelop/tinystring/abi.go:357.18,359.4 1 1
github.com/cdvelop/tinystring/abi.go:364.61,366.2 1 1
github.com/cdvelop/tinystring/abi.go:369.26,371.2 0 1
github.com/cdvelop/tinystring/bool.go:5.39,6.17 1 1
github.com/cdvelop/tinystring/bool.go:6.17,8.3 1 1
github.com/cdvelop/tinystring/bool.go:10.2,10.16 1 1
github.com/cdvelop/tinystring/bool.go:11.14,12.26 1 1
github.com/cdvelop/tinystring/bool.go:13.48,14.32 1 1
github.com/cdvelop/tinystring/bool.go:15.64,16.33 1 1
github.com/cdvelop/tinystring/bool.go:17.28,18.36 1 1
github.com/cdvelop/tinystring/bool.go:19.10,22.14 2 1
github.com/cdvelop/tinystring/bool.go:23.46,27.20 3 1
github.com/cdvelop/tinystring/bool.go:28.49,32.21 3 1
github.com/cdvelop/tinystring/bool.go:33.11,37.19 3 1
github.com/cdvelop/tinystring/bool.go:37.19,44.5 6 1
github.com/cdvelop/tinystring/bool.go:47.4,49.19 3 1
github.com/cdvelop/tinystring/bool.go:49.19,56.5 6 1
github.com/cdvelop/tinystring/bool.go:58.4,59.19 2 1
github.com/cdvelop/tinystring/capitalize.go:6.35,8.19 2 1
github.com/cdvelop/tinystring/capitalize.go:8.19,10.3 1 1
github.com/cdvelop/tinystring/capitalize.go:13.2,16.24 3 1
github.com/cdvelop/tinystring/capitalize.go:16.24,17.54 1 1
github.com/cdvelop/tinystring/capitalize.go:17.54,18.28 1 1
github.com/cdvelop/tinystring/capitalize.go:18.28,21.5 2 1
github.com/cdvelop/tinystring/capitalize.go:22.9,24.4 1 1
github.com/cdvelop/tinystring/capitalize.go:26.2,26.26 1 1
github.com/cdvelop/tinystring/capitalize.go:26.26,28.3 1 1
github.com/cdvelop/tinystring/capitalize.go:30.2,30.21 1 1
github.com/cdvelop/tinystring/capitalize.go:30.21,33.3 2 0
github.com/cdvelop/tinystring/capitalize.go:36.2,37.29 2 1
github.com/cdvelop/tinystring/capitalize.go:37.29,39.20 1 1
github.com/cdvelop/tinystring/capitalize.go:39.20,41.35 2 1
github.com/cdvelop/tinystring/capitalize.go:41.35,43.5 1 1
github.com/cdvelop/tinystring/capitalize.go:44.4,45.13 2 1
github.com/cdvelop/tinystring/capitalize.go:45.13,47.5 1 1
github.com/cdvelop/tinystring/capitalize.go:52.2,53.29 2 1
github.com/cdvelop/tinystring/capitalize.go:53.29,54.12 1 1
github.com/cdvelop/tinystring/capitalize.go:54.12,56.4 1 1
github.com/cdvelop/tinystring/capitalize.go:57.3,57.29 1 1
github.com/cdvelop/tinystring/capitalize.go:60.2,61.10 2 1
github.com/cdvelop/tinystring/capitalize.go:65.32,67.19 2 1
github.com/cdvelop/tinystring/capitalize.go:67.19,69.3 1 1
github.com/cdvelop/tinystring/capitalize.go:72.2,73.26 2 1
github.com/cdvelop/tinystring/capitalize.go:73.26,75.3 1 1
github.com/cdvelop/tinystring/capitalize.go:77.2,78.10 2 1
github.com/cdvelop/tinystring/capitalize.go:82.32,84.19 2 1
github.com/cdvelop/tinystring/capitalize.go:84.19,86.3 1 1
github.com/cdvelop/tinystring/capitalize.go:89.2,90.26 2 1
github.com/cdvelop/tinystring/capitalize.go:90.26,92.3 1 1
github.com/cdvelop/tinystring/capitalize.go:94.2,95.10 2 1
github.com/cdvelop/tinystring/capitalize.go:99.39,101.2 1 1
github.com/cdvelop/tinystring/capitalize.go:104.39,106.2 1 1
github.com/cdvelop/tinystring/capitalize.go:118.54,120.2 1 1
github.com/cdvelop/tinystring/capitalize.go:123.54,125.2 1 1
github.com/cdvelop/tinystring/capitalize.go:128.84,130.19 2 1
github.com/cdvelop/tinystring/capitalize.go:130.19,132.3 1 1
github.com/cdvelop/tinystring/capitalize.go:135.2,140.24 5 1
github.com/cdvelop/tinystring/capitalize.go:140.24,148.13 6 1
github.com/cdvelop/tinystring/capitalize.go:148.13,150.4 1 1
github.com/cdvelop/tinystring/capitalize.go:150.9,150.17 1 1
github.com/cdvelop/tinystring/capitalize.go:150.17,153.12 2 1
github.com/cdvelop/tinystring/capitalize.go:154.9,154.17 1 1
github.com/cdvelop/tinystring/capitalize.go:154.17,158.4 2 1
github.com/cdvelop/tinystring/capitalize.go:158.9,158.24 1 1
github.com/cdvelop/tinystring/capitalize.go:158.24,161.4 1 1
github.com/cdvelop/tinystring/capitalize.go:161.9,161.33 1 1
github.com/cdvelop/tinystring/capitalize.go:161.33,166.42 1 1
github.com/cdvelop/tinystring/capitalize.go:166.42,168.5 1 1
github.com/cdvelop/tinystring/capitalize.go:169.9,169.33 1 1
github.com/cdvelop/tinystring/capitalize.go:169.34,171.4 0 1
github.com/cdvelop/tinystring/capitalize.go:174.3,174.46 1 1
github.com/cdvelop/tinystring/capitalize.go:174.46,176.4 1 1
github.com/cdvelop/tinystring/capitalize.go:179.3,180.10 2 1
github.com/cdvelop/tinystring/capitalize.go:180.10,182.40 1 1
github.com/cdvelop/tinystring/capitalize.go:182.40,185.5 1 1
github.com/cdvelop/tinystring/capitalize.go:185.10,185.48 1 1
github.com/cdvelop/tinystring/capitalize.go:185.48,188.5 1 1
github.com/cdvelop/tinystring/capitalize.go:188.10,191.5 1 1
github.com/cdvelop/tinystring/capitalize.go:192.4,192.15 1 1
github.com/cdvelop/tinystring/capitalize.go:193.9,196.4 1 1
github.com/cdvelop/tinystring/capitalize.go:199.3,204.12 4 1
github.com/cdvelop/tinystring/capitalize.go:207.2,208.10 2 1
github.com/cdvelop/tinystring/capitalize.go:212.27,214.2 1 1
github.com/cdvelop/tinystring/capitalize.go:216.27,218.2 1 1
github.com/cdvelop/tinystring/contain.go:5.48,7.18 1 1
github.com/cdvelop/tinystring/contain.go:7.18,9.3 1 1
github.com/cdvelop/tinystring/contain.go:12.2,18.44 3 1
github.com/cdvelop/tinystring/contain.go:18.44,19.36 1 1
github.com/cdvelop/tinystring/contain.go:19.36,21.4 1 1
github.com/cdvelop/tinystring/contain.go:25.2,25.14 1 1
github.com/cdvelop/tinystring/contain.go:31.41,33.2 1 1
github.com/cdvelop/tinystring/convert.go:33.31,34.23 1 1
github.com/cdvelop/tinystring/convert.go:34.23,35.15 1 1
github.com/cdvelop/tinystring/convert.go:35.15,39.4 3 1
github.com/cdvelop/tinystring/convert.go:41.3,42.22 2 1
github.com/cdvelop/tinystring/convert.go:42.22,45.4 2 0
github.com/cdvelop/tinystring/convert.go:49.3,50.32 2 1
github.com/cdvelop/tinystring/convert.go:50.32,53.25 2 1
github.com/cdvelop/tinystring/convert.go:53.25,59.5 4 1
github.com/cdvelop/tinystring/convert.go:59.10,61.5 1 0
github.com/cdvelop/tinystring/convert.go:62.9,64.4 1 1
github.com/cdvelop/tinystring/convert.go:67.3,67.26 1 1
github.com/cdvelop/tinystring/convert.go:68.17,70.23 2 1
github.com/cdvelop/tinystring/convert.go:71.16,73.21 2 1
github.com/cdvelop/tinystring/convert.go:74.11,76.18 1 1
github.com/cdvelop/tinystring/convert.go:77.47,77.47 0 1
github.com/cdvelop/tinystring/convert.go:85.37,89.27 2 1
github.com/cdvelop/tinystring/convert.go:89.27,91.3 1 1
github.com/cdvelop/tinystring/convert.go:92.2,92.10 1 1
github.com/cdvelop/tinystring/convert.go:96.29,98.2 1 1
github.com/cdvelop/tinystring/convert.go:101.30,104.2 2 1
github.com/cdvelop/tinystring/convert.go:107.22,112.2 1 1
github.com/cdvelop/tinystring/convert.go:116.27,118.2 1 1
github.com/cdvelop/tinystring/convert.go:121.33,122.62 1 1
github.com/cdvelop/tinystring/convert.go:122.62,124.3 1 1
github.com/cdvelop/tinystring/convert.go:125.2,125.10 1 0
github.com/cdvelop/tinystring/convert.go:128.35,129.65 1 1
github.com/cdvelop/tinystring/convert.go:129.65,131.3 1 1
github.com/cdvelop/tinystring/convert.go:132.2,132.10 1 0
github.com/cdvelop/tinystring/convert.go:135.37,136.21 1 1
github.com/cdvelop/tinystring/convert.go:136.21,138.3 1 0
github.com/cdvelop/tinystring/convert.go:140.2,140.16 1 1
github.com/cdvelop/tinystring/convert.go:141.28,142.22 1 1
github.com/cdvelop/tinystring/convert.go:143.48,144.29 1 1
github.com/cdvelop/tinystring/convert.go:145.64,146.30 1 0
github.com/cdvelop/tinystring/convert.go:147.10,148.11 1 0
github.com/cdvelop/tinystring/convert.go:152.31,153.40 1 1
github.com/cdvelop/tinystring/convert.go:153.40,155.3 1 1
github.com/cdvelop/tinystring/convert.go:156.2,156.14 1 0
github.com/cdvelop/tinystring/convert.go:159.41,160.47 1 1
github.com/cdvelop/tinystring/convert.go:160.47,162.3 1 1
github.com/cdvelop/tinystring/convert.go:163.2,163.11 1 1
github.com/cdvelop/tinystring/convert.go:166.52,168.18 2 1
github.com/cdvelop/tinystring/convert.go:168.18,170.3 1 1
github.com/cdvelop/tinystring/convert.go:171.2,171.20 1 1
github.com/cdvelop/tinystring/convert.go:177.24,178.49 1 1
github.com/cdvelop/tinystring/convert.go:178.49,180.3 1 1
github.com/cdvelop/tinystring/convert.go:184.32,186.2 1 1
github.com/cdvelop/tinystring/convert.go:189.46,190.21 1 1
github.com/cdvelop/tinystring/convert.go:190.21,192.3 1 1
github.com/cdvelop/tinystring/convert.go:193.2,193.27 1 1
github.com/cdvelop/tinystring/convert.go:197.27,199.2 1 1
github.com/cdvelop/tinystring/convert.go:201.28,204.2 1 1
github.com/cdvelop/tinystring/convert.go:208.35,209.21 1 1
github.com/cdvelop/tinystring/convert.go:209.21,211.3 1 1
github.com/cdvelop/tinystring/convert.go:214.2,215.67 2 1
github.com/cdvelop/tinystring/convert.go:215.67,218.3 1 1
github.com/cdvelop/tinystring/convert.go:218.8,218.43 1 1
github.com/cdvelop/tinystring/convert.go:218.43,221.3 1 1
github.com/cdvelop/tinystring/convert.go:221.8,224.3 1 1
github.com/cdvelop/tinystring/convert.go:226.2,226.53 1 1
github.com/cdvelop/tinystring/convert.go:226.53,228.3 1 1
github.com/cdvelop/tinystring/convert.go:230.2,230.21 1 1
github.com/cdvelop/tinystring/convert.go:231.16,232.33 1 1
github.com/cdvelop/tinystring/convert.go:233.16,234.28 1 1
github.com/cdvelop/tinystring/convert.go:234.28,236.4 1 1
github.com/cdvelop/tinystring/convert.go:236.9,238.4 1 0
github.com/cdvelop/tinystring/convert.go:239.18,240.33 1 0
github.com/cdvelop/tinystring/convert.go:240.33,242.4 1 0
github.com/cdvelop/tinystring/convert.go:242.9,245.4 1 0
github.com/cdvelop/tinystring/convert.go:246.48,249.18 2 1
github.com/cdvelop/tinystring/convert.go:249.18,251.4 1 1
github.com/cdvelop/tinystring/convert.go:251.9,253.4 1 1
github.com/cdvelop/tinystring/convert.go:254.64,257.19 2 1
github.com/cdvelop/tinystring/convert.go:257.19,259.4 1 0
github.com/cdvelop/tinystring/convert.go:259.9,261.4 1 1
github.com/cdvelop/tinystring/convert.go:262.17,264.10 1 1
github.com/cdvelop/tinystring/convert.go:265.17,267.10 1 1
github.com/cdvelop/tinystring/convert.go:268.14,269.18 1 1
github.com/cdvelop/tinystring/convert.go:269.18,271.4 1 1
github.com/cdvelop/tinystring/convert.go:271.9,273.4 1 1
github.com/cdvelop/tinystring/convert.go:274.13,276.27 1 0
github.com/cdvelop/tinystring/convert.go:277.10,278.16 1 1
github.com/cdvelop/tinystring/convert.go:281.2,282.17 2 1
github.com/cdvelop/tinystring/convert.go:287.44,288.14 1 1
github.com/cdvelop/tinystring/convert.go:288.14,290.3 1 1
github.com/cdvelop/tinystring/convert.go:290.8,290.22 1 1
github.com/cdvelop/tinystring/convert.go:290.22,292.3 1 1
github.com/cdvelop/tinystring/convert.go:292.8,292.24 1 1
github.com/cdvelop/tinystring/convert.go:292.24,294.3 1 1
github.com/cdvelop/tinystring/convert.go:294.8,296.3 1 1
github.com/cdvelop/tinystring/convert.go:300.36,309.61 4 1
github.com/cdvelop/tinystring/convert.go:309.61,314.3 3 1
github.com/cdvelop/tinystring/convert.go:314.8,316.3 1 1
github.com/cdvelop/tinystring/convert.go:319.2,323.26 3 1
github.com/cdvelop/tinystring/convert.go:327.51,328.32 1 1
github.com/cdvelop/tinystring/convert.go:328.32,330.3 1 0
github.com/cdvelop/tinystring/convert.go:331.2,331.32 1 1
github.com/cdvelop/tinystring/convert.go:331.32,333.3 1 1
github.com/cdvelop/tinystring/convert.go:336.2,337.37 2 1
github.com/cdvelop/tinystring/convert.go:337.37,339.3 1 1
github.com/cdvelop/tinystring/convert.go:340.2,345.37 3 1
github.com/cdvelop/tinystring/convert.go:345.37,346.12 1 1
github.com/cdvelop/tinystring/convert.go:346.12,348.4 1 1
github.com/cdvelop/tinystring/convert.go:349.3,349.32 1 1
github.com/cdvelop/tinystring/convert.go:352.2,352.23 1 1
github.com/cdvelop/tinystring/convert.go:362.37,363.14 1 1
github.com/cdvelop/tinystring/convert.go:363.14,369.3 5 1
github.com/cdvelop/tinystring/convert.go:371.2,377.22 5 1
github.com/cdvelop/tinystring/convert.go:380.52,380.52 0 1
github.com/cdvelop/tinystring/convert.go:382.16,382.16 0 1
github.com/cdvelop/tinystring/convert.go:384.10,386.24 1 1
github.com/cdvelop/tinystring/convert.go:386.24,388.4 1 1
github.com/cdvelop/tinystring/convert.go:391.2,391.23 1 1
github.com/cdvelop/tinystring/convert.go:400.29,401.25 1 1
github.com/cdvelop/tinystring/convert.go:402.17,403.14 1 1
github.com/cdvelop/tinystring/convert.go:404.13,405.33 1 0
github.com/cdvelop/tinystring/convert.go:406.14,407.17 1 1
github.com/cdvelop/tinystring/convert.go:408.12,409.10 1 0
github.com/cdvelop/tinystring/convert.go:409.10,411.4 1 0
github.com/cdvelop/tinystring/convert.go:411.9,413.4 1 0
github.com/cdvelop/tinystring/convert.go:414.10,417.22 2 1
github.com/cdvelop/tinystring/convert.go:417.22,420.4 2 0
github.com/cdvelop/tinystring/convert.go:421.3,421.22 1 1
github.com/cdvelop/tinystring/convert.go:422.49,424.37 2 1
github.com/cdvelop/tinystring/convert.go:425.65,427.46 2 0
github.com/cdvelop/tinystring/convert.go:428.29,430.11 1 0
github.com/cdvelop/tinystring/convert.go:431.11,433.17 1 0
github.com/cdvelop/tinystring/error.go:33.44,37.27 4 1
github.com/cdvelop/tinystring/error.go:37.27,39.18 2 1
github.com/cdvelop/tinystring/error.go:39.18,41.4 1 1
github.com/cdvelop/tinystring/error.go:43.3,43.21 1 1
github.com/cdvelop/tinystring/error.go:43.21,45.4 1 1
github.com/cdvelop/tinystring/error.go:47.3,47.36 1 1
github.com/cdvelop/tinystring/error.go:47.36,49.4 1 1
github.com/cdvelop/tinystring/error.go:51.2,53.10 3 1
github.com/cdvelop/tinystring/error.go:58.47,64.2 4 1
github.com/cdvelop/tinystring/error.go:71.29,74.2 2 1
github.com/cdvelop/tinystring/error.go:78.31,80.2 1 1
github.com/cdvelop/tinystring/format.go:5.47,7.2 1 1
github.com/cdvelop/tinystring/format.go:11.39,12.29 1 1
github.com/cdvelop/tinystring/format.go:13.12,14.10 1 1
github.com/cdvelop/tinystring/format.go:14.10,16.4 1 1
github.com/cdvelop/tinystring/format.go:16.9,18.4 1 0
github.com/cdvelop/tinystring/format.go:19.14,20.19 1 0
github.com/cdvelop/tinystring/format.go:21.38,22.23 1 1
github.com/cdvelop/tinystring/format.go:23.43,24.24 1 1
github.com/cdvelop/tinystring/format.go:25.24,26.25 1 1
github.com/cdvelop/tinystring/format.go:27.10,29.29 1 1
github.com/cdvelop/tinystring/format.go:34.39,36.72 2 1
github.com/cdvelop/tinystring/format.go:36.72,39.3 2 1
github.com/cdvelop/tinystring/format.go:43.40,45.75 2 1
github.com/cdvelop/tinystring/format.go:45.75,48.3 2 1
github.com/cdvelop/tinystring/format.go:52.41,54.78 2 1
github.com/cdvelop/tinystring/format.go:54.78,57.3 2 1
github.com/cdvelop/tinystring/format.go:62.45,66.2 1 1
github.com/cdvelop/tinystring/format.go:71.50,72.17 1 1
github.com/cdvelop/tinystring/format.go:72.17,74.3 1 0
github.com/cdvelop/tinystring/format.go:75.2,75.24 1 1
github.com/cdvelop/tinystring/format.go:75.24,77.18 2 1
github.com/cdvelop/tinystring/format.go:77.18,86.4 6 1
github.com/cdvelop/tinystring/format.go:90.2,91.29 2 1
github.com/cdvelop/tinystring/format.go:91.29,95.3 2 0
github.com/cdvelop/tinystring/format.go:98.2,99.32 2 1
github.com/cdvelop/tinystring/format.go:99.32,101.3 1 1
github.com/cdvelop/tinystring/format.go:102.2,103.17 2 1
github.com/cdvelop/tinystring/format.go:103.17,105.15 1 0
github.com/cdvelop/tinystring/format.go:105.15,107.4 1 0
github.com/cdvelop/tinystring/format.go:107.9,110.4 1 0
github.com/cdvelop/tinystring/format.go:111.8,113.15 1 1
github.com/cdvelop/tinystring/format.go:113.15,115.56 1 1
github.com/cdvelop/tinystring/format.go:115.56,118.5 1 1
github.com/cdvelop/tinystring/format.go:118.10,121.5 1 1
github.com/cdvelop/tinystring/format.go:122.9,124.56 1 1
github.com/cdvelop/tinystring/format.go:124.56,127.5 1 0
github.com/cdvelop/tinystring/format.go:127.10,130.5 1 1
github.com/cdvelop/tinystring/format.go:134.2,139.10 5 1
github.com/cdvelop/tinystring/format.go:145.29,146.17 1 1
github.com/cdvelop/tinystring/format.go:146.17,148.3 1 0
github.com/cdvelop/tinystring/format.go:150.2,152.24 3 1
github.com/cdvelop/tinystring/format.go:152.24,158.3 4 0
github.com/cdvelop/tinystring/format.go:159.2,163.51 4 1
github.com/cdvelop/tinystring/format.go:163.51,165.3 1 1
github.com/cdvelop/tinystring/format.go:172.2,173.23 2 1
github.com/cdvelop/tinystring/format.go:173.23,176.27 2 1
github.com/cdvelop/tinystring/format.go:176.27,178.4 1 1
github.com/cdvelop/tinystring/format.go:179.3,179.15 1 1
github.com/cdvelop/tinystring/format.go:179.15,181.4 1 1
github.com/cdvelop/tinystring/format.go:181.9,184.4 1 1
github.com/cdvelop/tinystring/format.go:185.8,187.15 1 1
github.com/cdvelop/tinystring/format.go:187.15,189.4 1 1
github.com/cdvelop/tinystring/format.go:189.9,192.4 1 0
github.com/cdvelop/tinystring/format.go:194.2,200.20 7 1
github.com/cdvelop/tinystring/format.go:205.37,206.17 1 1
github.com/cdvelop/tinystring/format.go:206.17,208.3 1 0
github.com/cdvelop/tinystring/format.go:209.2,209.41 1 1
github.com/cdvelop/tinystring/format.go:209.41,217.3 7 1
github.com/cdvelop/tinystring/format.go:218.2,218.25 1 1
github.com/cdvelop/tinystring/format.go:218.25,226.21 6 1
github.com/cdvelop/tinystring/format.go:226.21,234.40 5 1
github.com/cdvelop/tinystring/format.go:234.40,236.5 1 1
github.com/cdvelop/tinystring/format.go:236.10,238.5 1 1
github.com/cdvelop/tinystring/format.go:239.4,239.23 1 1
github.com/cdvelop/tinystring/format.go:241.3,242.11 2 1
github.com/cdvelop/tinystring/format.go:244.2,250.17 6 1
github.com/cdvelop/tinystring/format.go:250.17,256.3 5 0
github.com/cdvelop/tinystring/format.go:257.2,260.17 4 1
github.com/cdvelop/tinystring/format.go:260.17,269.21 7 1
github.com/cdvelop/tinystring/format.go:269.21,276.40 5 1
github.com/cdvelop/tinystring/format.go:276.40,279.23 2 0
github.com/cdvelop/tinystring/format.go:279.23,286.6 5 0
github.com/cdvelop/tinystring/format.go:287.5,287.33 1 0
github.com/cdvelop/tinystring/format.go:288.10,290.5 1 1
github.com/cdvelop/tinystring/format.go:291.4,291.23 1 1
github.com/cdvelop/tinystring/format.go:293.3,294.11 2 1
github.com/cdvelop/tinystring/format.go:295.8,299.3 3 1
github.com/cdvelop/tinystring/format.go:303.2,303.10 1 1
github.com/cdvelop/tinystring/format.go:307.36,308.24 1 1
github.com/cdvelop/tinystring/format.go:308.24,309.16 1 1
github.com/cdvelop/tinystring/format.go:309.16,311.4 1 1
github.com/cdvelop/tinystring/format.go:313.2,313.11 1 1
github.com/cdvelop/tinystring/format.go:317.31,319.20 2 1
github.com/cdvelop/tinystring/format.go:319.20,321.3 1 1
github.com/cdvelop/tinystring/format.go:324.2,325.41 2 1
github.com/cdvelop/tinystring/format.go:325.41,326.18 1 1
github.com/cdvelop/tinystring/format.go:326.18,328.9 2 1
github.com/cdvelop/tinystring/format.go:333.2,333.29 1 1
github.com/cdvelop/tinystring/format.go:333.29,335.3 1 0
github.com/cdvelop/tinystring/format.go:337.2,337.26 1 1
github.com/cdvelop/tinystring/format.go:343.25,345.22 2 1
github.com/cdvelop/tinystring/format.go:345.22,347.3 1 0
github.com/cdvelop/tinystring/format.go:350.2,352.22 3 1
github.com/cdvelop/tinystring/format.go:352.22,355.3 2 1
github.com/cdvelop/tinystring/format.go:357.2,358.26 2 1
github.com/cdvelop/tinystring/format.go:358.26,361.3 1 1
github.com/cdvelop/tinystring/format.go:364.2,370.14 4 1
github.com/cdvelop/tinystring/format.go:370.14,372.3 1 1
github.com/cdvelop/tinystring/format.go:376.2,376.39 1 1
github.com/cdvelop/tinystring/format.go:376.39,377.42 1 1
github.com/cdvelop/tinystring/format.go:377.42,379.4 1 1
github.com/cdvelop/tinystring/format.go:380.3,380.35 1 1
github.com/cdvelop/tinystring/format.go:383.2,383.26 1 1
github.com/cdvelop/tinystring/format.go:388.38,390.27 2 1
github.com/cdvelop/tinystring/format.go:390.27,391.18 1 1
github.com/cdvelop/tinystring/format.go:391.18,393.4 1 1
github.com/cdvelop/tinystring/format.go:395.2,395.22 1 1
github.com/cdvelop/tinystring/format.go:401.29,404.2 1 1
github.com/cdvelop/tinystring/format.go:409.38,412.16 2 1
github.com/cdvelop/tinystring/format.go:412.16,413.20 1 1
github.com/cdvelop/tinystring/format.go:413.20,417.35 3 1
github.com/cdvelop/tinystring/format.go:417.35,419.5 1 1
github.com/cdvelop/tinystring/format.go:420.4,420.28 1 1
github.com/cdvelop/tinystring/format.go:421.9,423.4 1 1
github.com/cdvelop/tinystring/format.go:424.3,425.9 2 1
github.com/cdvelop/tinystring/format.go:428.2,429.16 2 1
github.com/cdvelop/tinystring/format.go:429.16,431.3 1 1
github.com/cdvelop/tinystring/format.go:434.2,439.23 4 1
github.com/cdvelop/tinystring/format.go:439.23,441.18 2 1
github.com/cdvelop/tinystring/format.go:441.18,444.4 2 1
github.com/cdvelop/tinystring/format.go:447.2,448.16 2 1
github.com/cdvelop/tinystring/format.go:448.16,450.3 1 1
github.com/cdvelop/tinystring/format.go:451.2,453.21 2 1
github.com/cdvelop/tinystring/format.go:453.21,455.25 1 1
github.com/cdvelop/tinystring/format.go:455.25,459.4 3 1
github.com/cdvelop/tinystring/format.go:460.8,460.26 1 1
github.com/cdvelop/tinystring/format.go:460.26,464.3 3 1
github.com/cdvelop/tinystring/format.go:467.2,470.16 2 1
github.com/cdvelop/tinystring/format.go:470.16,472.3 1 1
github.com/cdvelop/tinystring/format.go:475.2,475.22 1 1
github.com/cdvelop/tinystring/format.go:475.22,477.3 1 0
github.com/cdvelop/tinystring/format.go:477.8,481.43 3 1
github.com/cdvelop/tinystring/format.go:481.43,484.4 2 1
github.com/cdvelop/tinystring/format.go:485.3,485.40 1 1
github.com/cdvelop/tinystring/format.go:489.2,489.17 1 1
github.com/cdvelop/tinystring/format.go:489.17,492.22 2 1
github.com/cdvelop/tinystring/format.go:492.22,500.28 5 1
github.com/cdvelop/tinystring/format.go:500.28,503.5 2 1
github.com/cdvelop/tinystring/format.go:506.4,507.28 2 1
github.com/cdvelop/tinystring/format.go:507.28,508.29 1 1
github.com/cdvelop/tinystring/format.go:508.29,510.11 2 1
github.com/cdvelop/tinystring/format.go:515.4,515.24 1 1
github.com/cdvelop/tinystring/format.go:515.24,517.5 1 1
github.com/cdvelop/tinystring/format.go:518.9,518.27 1 1
github.com/cdvelop/tinystring/format.go:518.27,520.35 2 1
github.com/cdvelop/tinystring/format.go:520.35,522.5 1 1
github.com/cdvelop/tinystring/format.go:523.4,528.40 4 1
github.com/cdvelop/tinystring/format.go:528.40,531.5 2 1
github.com/cdvelop/tinystring/format.go:533.4,533.42 1 1
github.com/cdvelop/tinystring/format.go:537.2,538.19 2 1
github.com/cdvelop/tinystring/format.go:543.34,546.17 2 1
github.com/cdvelop/tinystring/format.go:546.17,550.3 3 0
github.com/cdvelop/tinystring/format.go:553.2,553.16 1 1
github.com/cdvelop/tinystring/format.go:553.16,557.3 3 0
github.com/cdvelop/tinystring/format.go:559.2,560.16 2 1
github.com/cdvelop/tinystring/format.go:560.16,562.3 1 0
github.com/cdvelop/tinystring/format.go:564.2,564.27 1 1
github.com/cdvelop/tinystring/format.go:564.27,566.3 1 0
github.com/cdvelop/tinystring/format.go:568.2,569.17 2 1
github.com/cdvelop/tinystring/format.go:569.17,572.3 2 1
github.com/cdvelop/tinystring/format.go:574.2,574.16 1 1
github.com/cdvelop/tinystring/format.go:574.16,576.3 1 0
github.com/cdvelop/tinystring/format.go:578.2,579.19 2 1
github.com/cdvelop/tinystring/format.go:586.84,587.27 1 1
github.com/cdvelop/tinystring/format.go:587.27,590.3 2 1
github.com/cdvelop/tinystring/format.go:591.2,591.29 1 1
github.com/cdvelop/tinystring/format.go:595.103,597.9 2 1
github.com/cdvelop/tinystring/format.go:597.9,599.3 1 1
github.com/cdvelop/tinystring/format.go:601.2,602.9 2 1
github.com/cdvelop/tinystring/format.go:602.9,605.3 2 0
github.com/cdvelop/tinystring/format.go:607.2,608.16 2 1
github.com/cdvelop/tinystring/format.go:608.16,610.3 1 1
github.com/cdvelop/tinystring/format.go:610.8,612.3 1 1
github.com/cdvelop/tinystring/format.go:613.2,615.26 3 1
github.com/cdvelop/tinystring/format.go:619.110,621.9 2 1
github.com/cdvelop/tinystring/format.go:621.9,623.3 1 0
github.com/cdvelop/tinystring/format.go:625.2,626.9 2 1
github.com/cdvelop/tinystring/format.go:626.9,629.3 2 0
github.com/cdvelop/tinystring/format.go:631.2,635.26 5 1
github.com/cdvelop/tinystring/format.go:639.96,641.9 2 1
github.com/cdvelop/tinystring/format.go:641.9,643.3 1 0
github.com/cdvelop/tinystring/format.go:645.2,646.9 2 1
github.com/cdvelop/tinystring/format.go:646.9,649.3 2 0
github.com/cdvelop/tinystring/format.go:651.2,652.29 2 1
github.com/cdvelop/tinystring/format.go:656.97,658.9 2 1
github.com/cdvelop/tinystring/format.go:658.9,660.3 1 0
github.com/cdvelop/tinystring/format.go:662.2,666.26 5 1
github.com/cdvelop/tinystring/format.go:670.54,674.2 3 1
github.com/cdvelop/tinystring/format.go:676.52,679.27 2 1
github.com/cdvelop/tinystring/format.go:679.27,680.21 1 1
github.com/cdvelop/tinystring/format.go:681.15,682.23 1 1
github.com/cdvelop/tinystring/format.go:683.26,684.23 1 1
github.com/cdvelop/tinystring/format.go:685.25,686.23 1 1
github.com/cdvelop/tinystring/format.go:687.11,688.23 1 1
github.com/cdvelop/tinystring/format.go:693.2,696.35 3 1
github.com/cdvelop/tinystring/format.go:696.35,697.23 1 1
github.com/cdvelop/tinystring/format.go:697.23,698.25 1 1
github.com/cdvelop/tinystring/format.go:698.25,703.25 3 1
github.com/cdvelop/tinystring/format.go:703.25,706.66 3 1
github.com/cdvelop/tinystring/format.go:706.66,708.7 1 1
github.com/cdvelop/tinystring/format.go:709.6,709.19 1 1
github.com/cdvelop/tinystring/format.go:709.19,713.29 3 1
github.com/cdvelop/tinystring/format.go:713.29,715.8 1 1
github.com/cdvelop/tinystring/format.go:718.5,718.22 1 1
github.com/cdvelop/tinystring/format.go:719.14,720.69 1 1
github.com/cdvelop/tinystring/format.go:720.69,722.7 1 1
github.com/cdvelop/tinystring/format.go:722.12,724.7 1 1
github.com/cdvelop/tinystring/format.go:725.14,726.78 1 1
github.com/cdvelop/tinystring/format.go:726.78,728.7 1 1
github.com/cdvelop/tinystring/format.go:728.12,730.7 1 0
github.com/cdvelop/tinystring/format.go:731.14,732.68 1 1
github.com/cdvelop/tinystring/format.go:732.68,734.7 1 1
github.com/cdvelop/tinystring/format.go:734.12,736.7 1 0
github.com/cdvelop/tinystring/format.go:737.14,738.68 1 1
github.com/cdvelop/tinystring/format.go:738.68,740.7 1 1
github.com/cdvelop/tinystring/format.go:740.12,742.7 1 0
github.com/cdvelop/tinystring/format.go:743.14,744.69 1 1
github.com/cdvelop/tinystring/format.go:744.69,746.7 1 1
github.com/cdvelop/tinystring/format.go:746.12,748.7 1 0
github.com/cdvelop/tinystring/format.go:749.14,750.69 1 1
github.com/cdvelop/tinystring/format.go:750.69,752.7 1 1
github.com/cdvelop/tinystring/format.go:752.12,754.7 1 0
github.com/cdvelop/tinystring/format.go:755.14,756.68 1 1
github.com/cdvelop/tinystring/format.go:756.68,758.7 1 1
github.com/cdvelop/tinystring/format.go:758.12,760.7 1 0
github.com/cdvelop/tinystring/format.go:761.14,762.28 1 1
github.com/cdvelop/tinystring/format.go:763.13,765.12 2 0
github.com/cdvelop/tinystring/format.go:767.10,769.5 1 0
github.com/cdvelop/tinystring/format.go:770.9,772.4 1 1
github.com/cdvelop/tinystring/format.go:775.2,776.19 2 1
github.com/cdvelop/tinystring/join.go:8.42,10.18 2 1
github.com/cdvelop/tinystring/join.go:10.18,12.3 1 1
github.com/cdvelop/tinystring/join.go:15.2,15.26 1 1
github.com/cdvelop/tinystring/join.go:15.26,16.33 1 1
github.com/cdvelop/tinystring/join.go:16.33,18.4 1 1
github.com/cdvelop/tinystring/join.go:18.9,21.4 2 1
github.com/cdvelop/tinystring/join.go:22.3,22.11 1 1
github.com/cdvelop/tinystring/join.go:26.2,27.15 2 1
github.com/cdvelop/tinystring/join.go:27.15,33.27 4 1
github.com/cdvelop/tinystring/join.go:33.27,34.55 1 1
github.com/cdvelop/tinystring/join.go:34.55,35.18 1 1
github.com/cdvelop/tinystring/join.go:35.18,37.6 1 1
github.com/cdvelop/tinystring/join.go:38.5,38.18 1 1
github.com/cdvelop/tinystring/join.go:41.3,41.25 1 1
github.com/cdvelop/tinystring/join.go:41.25,43.4 1 1
github.com/cdvelop/tinystring/join.go:45.3,45.21 1 1
github.com/cdvelop/tinystring/join.go:45.21,47.31 2 1
github.com/cdvelop/tinystring/join.go:47.31,49.5 1 1
github.com/cdvelop/tinystring/join.go:50.4,53.31 3 1
github.com/cdvelop/tinystring/join.go:53.31,55.25 2 1
github.com/cdvelop/tinystring/join.go:55.25,57.6 1 1
github.com/cdvelop/tinystring/join.go:59.4,59.28 1 1
github.com/cdvelop/tinystring/join.go:60.9,63.4 1 1
github.com/cdvelop/tinystring/join.go:66.2,66.10 1 1
github.com/cdvelop/tinystring/json_decode.go:22.45,23.19 1 1
github.com/cdvelop/tinystring/json_decode.go:23.19,25.3 1 0
github.com/cdvelop/tinystring/json_decode.go:28.2,29.19 2 1
github.com/cdvelop/tinystring/json_decode.go:29.19,31.3 1 0
github.com/cdvelop/tinystring/json_decode.go:34.2,34.47 1 1
github.com/cdvelop/tinystring/json_decode.go:38.70,39.19 1 1
github.com/cdvelop/tinystring/json_decode.go:39.19,41.3 1 0
github.com/cdvelop/tinystring/json_decode.go:44.2,47.29 3 1
github.com/cdvelop/tinystring/json_decode.go:47.29,49.3 1 0
github.com/cdvelop/tinystring/json_decode.go:52.2,53.24 2 1
github.com/cdvelop/tinystring/json_decode.go:53.24,55.3 1 0
github.com/cdvelop/tinystring/json_decode.go:58.2,59.36 2 1
github.com/cdvelop/tinystring/json_decode.go:59.36,61.3 1 0
github.com/cdvelop/tinystring/json_decode.go:64.2,64.54 1 1
github.com/cdvelop/tinystring/json_decode.go:68.81,71.23 2 1
github.com/cdvelop/tinystring/json_decode.go:71.23,73.3 1 0
github.com/cdvelop/tinystring/json_decode.go:74.2,74.26 1 1
github.com/cdvelop/tinystring/json_decode.go:75.16,76.47 1 1
github.com/cdvelop/tinystring/json_decode.go:77.48,78.44 1 1
github.com/cdvelop/tinystring/json_decode.go:79.53,80.45 1 0
github.com/cdvelop/tinystring/json_decode.go:81.28,82.46 1 1
github.com/cdvelop/tinystring/json_decode.go:83.14,84.45 1 1
github.com/cdvelop/tinystring/json_decode.go:85.16,86.47 1 1
github.com/cdvelop/tinystring/json_decode.go:87.15,88.46 1 1
github.com/cdvelop/tinystring/json_decode.go:89.17,90.48 1 1
github.com/cdvelop/tinystring/json_decode.go:91.10,92.106 1 1
github.com/cdvelop/tinystring/json_decode.go:99.71,103.77 2 1
github.com/cdvelop/tinystring/json_decode.go:103.77,105.67 1 1
github.com/cdvelop/tinystring/json_decode.go:105.67,107.4 1 1
github.com/cdvelop/tinystring/json_decode.go:109.3,109.88 1 1
github.com/cdvelop/tinystring/json_decode.go:109.88,111.4 1 1
github.com/cdvelop/tinystring/json_decode.go:113.3,113.67 1 1
github.com/cdvelop/tinystring/json_decode.go:113.67,115.4 1 1
github.com/cdvelop/tinystring/json_decode.go:116.3,116.59 1 0
github.com/cdvelop/tinystring/json_decode.go:120.2,122.16 3 1
github.com/cdvelop/tinystring/json_decode.go:122.16,124.3 1 0
github.com/cdvelop/tinystring/json_decode.go:125.2,126.12 2 1
github.com/cdvelop/tinystring/json_decode.go:130.68,134.43 2 1
github.com/cdvelop/tinystring/json_decode.go:134.43,136.3 1 0
github.com/cdvelop/tinystring/json_decode.go:137.2,137.45 1 1
github.com/cdvelop/tinystring/json_decode.go:137.45,139.3 1 0
github.com/cdvelop/tinystring/json_decode.go:140.2,140.66 1 1
github.com/cdvelop/tinystring/json_decode.go:140.66,142.3 1 0
github.com/cdvelop/tinystring/json_decode.go:143.2,144.16 2 1
github.com/cdvelop/tinystring/json_decode.go:144.16,146.3 1 0
github.com/cdvelop/tinystring/json_decode.go:147.2,148.12 2 1
github.com/cdvelop/tinystring/json_decode.go:152.69,154.16 2 1
github.com/cdvelop/tinystring/json_decode.go:154.16,156.3 1 1
github.com/cdvelop/tinystring/json_decode.go:157.2,158.12 2 1
github.com/cdvelop/tinystring/json_decode.go:162.70,164.16 2 1
github.com/cdvelop/tinystring/json_decode.go:164.16,166.3 1 0
github.com/cdvelop/tinystring/json_decode.go:167.2,168.12 2 1
github.com/cdvelop/tinystring/json_decode.go:172.69,176.43 2 1
github.com/cdvelop/tinystring/json_decode.go:176.43,178.3 1 0
github.com/cdvelop/tinystring/json_decode.go:179.2,179.87 1 1
github.com/cdvelop/tinystring/json_decode.go:179.87,181.3 1 0
github.com/cdvelop/tinystring/json_decode.go:182.2,182.66 1 1
github.com/cdvelop/tinystring/json_decode.go:182.66,184.3 1 0
github.com/cdvelop/tinystring/json_decode.go:186.2,186.17 1 1
github.com/cdvelop/tinystring/json_decode.go:187.14,188.26 1 1
github.com/cdvelop/tinystring/json_decode.go:189.15,190.27 1 1
github.com/cdvelop/tinystring/json_decode.go:191.10,192.63 1 0
github.com/cdvelop/tinystring/json_decode.go:194.2,194.12 1 1
github.com/cdvelop/tinystring/json_decode.go:198.71,199.34 1 1
github.com/cdvelop/tinystring/json_decode.go:199.34,201.3 1 0
github.com/cdvelop/tinystring/json_decode.go:204.2,205.77 2 1
github.com/cdvelop/tinystring/json_decode.go:205.77,207.3 1 1
github.com/cdvelop/tinystring/json_decode.go:210.2,210.21 1 1
github.com/cdvelop/tinystring/json_decode.go:210.21,212.3 1 0
github.com/cdvelop/tinystring/json_decode.go:214.2,216.31 3 1
github.com/cdvelop/tinystring/json_decode.go:216.31,218.3 1 0
github.com/cdvelop/tinystring/json_decode.go:221.2,222.63 2 1
github.com/cdvelop/tinystring/json_decode.go:226.70,227.33 1 1
github.com/cdvelop/tinystring/json_decode.go:227.33,229.3 1 0
github.com/cdvelop/tinystring/json_decode.go:232.2,233.77 2 1
github.com/cdvelop/tinystring/json_decode.go:233.77,235.3 1 0
github.com/cdvelop/tinystring/json_decode.go:237.2,240.21 2 1
github.com/cdvelop/tinystring/json_decode.go:240.21,241.26 1 1
github.com/cdvelop/tinystring/json_decode.go:242.17,243.41 1 1
github.com/cdvelop/tinystring/json_decode.go:244.17,246.46 1 1
github.com/cdvelop/tinystring/json_decode.go:247.11,248.95 1 0
github.com/cdvelop/tinystring/json_decode.go:250.3,250.13 1 1
github.com/cdvelop/tinystring/json_decode.go:253.2,259.25 3 1
github.com/cdvelop/tinystring/json_decode.go:260.16,261.46 1 1
github.com/cdvelop/tinystring/json_decode.go:262.16,263.56 1 1
github.com/cdvelop/tinystring/json_decode.go:264.22,265.43 1 0
github.com/cdvelop/tinystring/json_decode.go:266.17,267.45 1 0
github.com/cdvelop/tinystring/json_decode.go:268.14,269.44 1 0
github.com/cdvelop/tinystring/json_decode.go:270.10,271.119 1 0
github.com/cdvelop/tinystring/json_decode.go:276.72,278.32 2 1
github.com/cdvelop/tinystring/json_decode.go:278.32,281.79 2 1
github.com/cdvelop/tinystring/json_decode.go:281.79,284.18 3 1
github.com/cdvelop/tinystring/json_decode.go:284.18,286.5 1 0
github.com/cdvelop/tinystring/json_decode.go:287.4,287.46 1 1
github.com/cdvelop/tinystring/json_decode.go:288.9,290.4 1 0
github.com/cdvelop/tinystring/json_decode.go:292.2,293.12 2 1
github.com/cdvelop/tinystring/json_decode.go:297.91,298.33 1 1
github.com/cdvelop/tinystring/json_decode.go:298.33,300.3 1 0
github.com/cdvelop/tinystring/json_decode.go:304.2,306.19 2 1
github.com/cdvelop/tinystring/json_decode.go:306.19,315.3 3 0
github.com/cdvelop/tinystring/json_decode.go:318.2,332.32 5 1
github.com/cdvelop/tinystring/json_decode.go:332.32,335.30 2 1
github.com/cdvelop/tinystring/json_decode.go:335.30,337.4 1 0
github.com/cdvelop/tinystring/json_decode.go:340.3,341.17 2 1
github.com/cdvelop/tinystring/json_decode.go:341.17,343.4 1 1
github.com/cdvelop/tinystring/json_decode.go:346.2,346.12 1 1
github.com/cdvelop/tinystring/json_decode.go:350.66,351.16 1 1
github.com/cdvelop/tinystring/json_decode.go:351.16,353.3 1 0
github.com/cdvelop/tinystring/json_decode.go:354.2,357.33 3 1
github.com/cdvelop/tinystring/json_decode.go:361.69,363.32 2 1
github.com/cdvelop/tinystring/json_decode.go:363.32,367.17 3 1
github.com/cdvelop/tinystring/json_decode.go:367.17,369.4 1 1
github.com/cdvelop/tinystring/json_decode.go:370.3,370.38 1 1
github.com/cdvelop/tinystring/json_decode.go:372.2,373.12 2 1
github.com/cdvelop/tinystring/json_decode.go:376.71,378.32 2 1
github.com/cdvelop/tinystring/json_decode.go:378.32,382.17 3 1
github.com/cdvelop/tinystring/json_decode.go:382.17,384.4 1 1
github.com/cdvelop/tinystring/json_decode.go:385.3,385.44 1 1
github.com/cdvelop/tinystring/json_decode.go:387.2,388.12 2 1
github.com/cdvelop/tinystring/json_decode.go:391.70,393.32 2 1
github.com/cdvelop/tinystring/json_decode.go:393.32,396.18 2 1
github.com/cdvelop/tinystring/json_decode.go:397.15,398.39 1 1
github.com/cdvelop/tinystring/json_decode.go:399.16,400.40 1 1
github.com/cdvelop/tinystring/json_decode.go:401.11,402.70 1 1
github.com/cdvelop/tinystring/json_decode.go:405.2,406.12 2 1
github.com/cdvelop/tinystring/json_decode.go:410.64,417.31 6 1
github.com/cdvelop/tinystring/json_decode.go:417.31,418.15 1 1
github.com/cdvelop/tinystring/json_decode.go:419.12,420.38 1 1
github.com/cdvelop/tinystring/json_decode.go:420.38,422.5 1 1
github.com/cdvelop/tinystring/json_decode.go:423.4,423.28 1 1
github.com/cdvelop/tinystring/json_decode.go:424.12,425.17 1 1
github.com/cdvelop/tinystring/json_decode.go:425.17,427.5 1 1
github.com/cdvelop/tinystring/json_decode.go:428.4,428.28 1 1
github.com/cdvelop/tinystring/json_decode.go:429.12,430.17 1 1
github.com/cdvelop/tinystring/json_decode.go:430.17,432.5 1 1
github.com/cdvelop/tinystring/json_decode.go:433.4,433.28 1 1
github.com/cdvelop/tinystring/json_decode.go:434.12,435.17 1 0
github.com/cdvelop/tinystring/json_decode.go:435.17,437.5 1 0
github.com/cdvelop/tinystring/json_decode.go:438.4,438.28 1 0
github.com/cdvelop/tinystring/json_decode.go:439.12,440.17 1 0
github.com/cdvelop/tinystring/json_decode.go:440.17,442.5 1 0
github.com/cdvelop/tinystring/json_decode.go:443.4,443.28 1 0
github.com/cdvelop/tinystring/json_decode.go:444.12,445.57 1 1
github.com/cdvelop/tinystring/json_decode.go:445.57,447.22 2 1
github.com/cdvelop/tinystring/json_decode.go:447.22,449.6 1 1
github.com/cdvelop/tinystring/json_decode.go:450.5,450.20 1 1
github.com/cdvelop/tinystring/json_decode.go:451.10,453.5 1 1
github.com/cdvelop/tinystring/json_decode.go:454.11,455.28 1 1
github.com/cdvelop/tinystring/json_decode.go:459.2,459.26 1 1
github.com/cdvelop/tinystring/json_decode.go:459.26,461.20 2 1
github.com/cdvelop/tinystring/json_decode.go:461.20,463.4 1 1
github.com/cdvelop/tinystring/json_decode.go:466.2,466.17 1 1
github.com/cdvelop/tinystring/json_decode.go:470.61,474.30 2 1
github.com/cdvelop/tinystring/json_decode.go:474.30,475.35 1 1
github.com/cdvelop/tinystring/json_decode.go:475.35,476.18 1 1
github.com/cdvelop/tinystring/json_decode.go:477.13,478.33 1 0
github.com/cdvelop/tinystring/json_decode.go:479.14,480.34 1 0
github.com/cdvelop/tinystring/json_decode.go:481.13,482.34 1 1
github.com/cdvelop/tinystring/json_decode.go:483.13,484.34 1 0
github.com/cdvelop/tinystring/json_decode.go:485.13,486.34 1 0
github.com/cdvelop/tinystring/json_decode.go:487.12,488.42 1 0
github.com/cdvelop/tinystring/json_decode.go:490.4,490.7 1 1
github.com/cdvelop/tinystring/json_decode.go:491.9,493.4 1 1
github.com/cdvelop/tinystring/json_decode.go:495.2,495.28 1 1
github.com/cdvelop/tinystring/json_decode.go:499.102,500.19 1 1
github.com/cdvelop/tinystring/json_decode.go:500.19,502.3 1 0
github.com/cdvelop/tinystring/json_decode.go:505.2,507.29 2 1
github.com/cdvelop/tinystring/json_decode.go:507.29,508.72 1 1
github.com/cdvelop/tinystring/json_decode.go:508.72,510.4 1 1
github.com/cdvelop/tinystring/json_decode.go:513.2,513.12 1 1
github.com/cdvelop/tinystring/json_decode.go:517.57,524.31 6 1
github.com/cdvelop/tinystring/json_decode.go:524.31,525.15 1 1
github.com/cdvelop/tinystring/json_decode.go:526.12,527.38 1 1
github.com/cdvelop/tinystring/json_decode.go:527.38,529.5 1 1
github.com/cdvelop/tinystring/json_decode.go:530.4,530.28 1 1
github.com/cdvelop/tinystring/json_decode.go:531.12,532.17 1 1
github.com/cdvelop/tinystring/json_decode.go:532.17,534.5 1 1
github.com/cdvelop/tinystring/json_decode.go:535.4,535.28 1 1
github.com/cdvelop/tinystring/json_decode.go:536.12,537.17 1 1
github.com/cdvelop/tinystring/json_decode.go:537.17,539.5 1 1
github.com/cdvelop/tinystring/json_decode.go:540.4,540.28 1 1
github.com/cdvelop/tinystring/json_decode.go:541.12,542.17 1 1
github.com/cdvelop/tinystring/json_decode.go:542.17,544.5 1 1
github.com/cdvelop/tinystring/json_decode.go:545.4,545.28 1 1
github.com/cdvelop/tinystring/json_decode.go:546.12,547.17 1 1
github.com/cdvelop/tinystring/json_decode.go:547.17,549.5 1 1
github.com/cdvelop/tinystring/json_decode.go:550.4,550.28 1 1
github.com/cdvelop/tinystring/json_decode.go:551.12,552.57 1 1
github.com/cdvelop/tinystring/json_decode.go:552.57,555.5 2 1
github.com/cdvelop/tinystring/json_decode.go:555.10,557.5 1 1
github.com/cdvelop/tinystring/json_decode.go:558.11,559.28 1 1
github.com/cdvelop/tinystring/json_decode.go:563.2,563.26 1 1
github.com/cdvelop/tinystring/json_decode.go:563.26,565.3 1 1
github.com/cdvelop/tinystring/json_decode.go:567.2,567.14 1 1
github.com/cdvelop/tinystring/json_decode.go:571.95,576.22 3 1
github.com/cdvelop/tinystring/json_decode.go:576.22,578.3 1 0
github.com/cdvelop/tinystring/json_decode.go:580.2,584.77 3 1
github.com/cdvelop/tinystring/json_decode.go:584.77,586.3 1 0
github.com/cdvelop/tinystring/json_decode.go:587.2,591.22 3 1
github.com/cdvelop/tinystring/json_decode.go:591.22,594.3 1 1
github.com/cdvelop/tinystring/json_decode.go:597.2,598.25 2 1
github.com/cdvelop/tinystring/json_decode.go:598.25,600.3 1 0
github.com/cdvelop/tinystring/json_decode.go:603.2,603.57 1 1
github.com/cdvelop/tinystring/json_decode.go:607.47,609.28 2 1
github.com/cdvelop/tinystring/json_decode.go:609.28,610.51 1 1
github.com/cdvelop/tinystring/json_decode.go:610.51,612.4 1 1
github.com/cdvelop/tinystring/json_decode.go:612.9,612.38 1 1
github.com/cdvelop/tinystring/json_decode.go:612.38,614.4 1 1
github.com/cdvelop/tinystring/json_decode.go:616.2,616.11 1 0
github.com/cdvelop/tinystring/json_decode.go:620.89,622.42 1 1
github.com/cdvelop/tinystring/json_decode.go:622.42,623.56 1 1
github.com/cdvelop/tinystring/json_decode.go:623.56,625.64 1 1
github.com/cdvelop/tinystring/json_decode.go:625.64,627.5 1 0
github.com/cdvelop/tinystring/json_decode.go:628.4,628.27 1 1
github.com/cdvelop/tinystring/json_decode.go:628.27,630.5 1 1
github.com/cdvelop/tinystring/json_decode.go:635.2,635.42 1 1
github.com/cdvelop/tinystring/json_decode.go:635.42,636.28 1 1
github.com/cdvelop/tinystring/json_decode.go:636.28,638.4 1 1
github.com/cdvelop/tinystring/json_decode.go:642.2,642.42 1 1
github.com/cdvelop/tinystring/json_decode.go:642.42,645.27 2 1
github.com/cdvelop/tinystring/json_decode.go:645.27,647.4 1 1
github.com/cdvelop/tinystring/json_decode.go:650.2,650.11 1 1
github.com/cdvelop/tinystring/json_decode.go:654.38,655.30 1 1
github.com/cdvelop/tinystring/json_decode.go:655.30,656.16 1 1
github.com/cdvelop/tinystring/json_decode.go:656.16,658.4 1 0
github.com/cdvelop/tinystring/json_decode.go:660.2,660.11 1 1
github.com/cdvelop/tinystring/json_decode.go:664.35,665.13 1 1
github.com/cdvelop/tinystring/json_decode.go:665.13,667.3 1 0
github.com/cdvelop/tinystring/json_decode.go:669.2,670.22 2 1
github.com/cdvelop/tinystring/json_decode.go:670.22,672.27 1 1
github.com/cdvelop/tinystring/json_decode.go:672.27,673.13 1 1
github.com/cdvelop/tinystring/json_decode.go:673.13,675.5 1 1
github.com/cdvelop/tinystring/json_decode.go:677.4,677.44 1 1
github.com/cdvelop/tinystring/json_decode.go:678.9,680.4 1 1
github.com/cdvelop/tinystring/json_decode.go:682.2,682.23 1 1
github.com/cdvelop/tinystring/json_decode.go:686.41,694.2 6 1
github.com/cdvelop/tinystring/json_decode.go:697.72,698.35 1 1
github.com/cdvelop/tinystring/json_decode.go:698.35,700.3 1 0
github.com/cdvelop/tinystring/json_decode.go:703.2,704.23 2 1
github.com/cdvelop/tinystring/json_decode.go:704.23,707.3 1 1
github.com/cdvelop/tinystring/json_decode.go:710.2,711.21 2 1
github.com/cdvelop/tinystring/json_decode.go:711.21,713.3 1 0
github.com/cdvelop/tinystring/json_decode.go:716.2,717.19 2 1
github.com/cdvelop/tinystring/json_decode.go:717.19,719.3 1 0
github.com/cdvelop/tinystring/json_decode.go:722.2,735.16 5 1
github.com/cdvelop/tinystring/json_decode.go:735.16,737.3 1 1
github.com/cdvelop/tinystring/json_decode.go:740.2,741.12 2 1
github.com/cdvelop/tinystring/json_encode.go:33.56,35.31 1 1
github.com/cdvelop/tinystring/json_encode.go:35.31,38.17 2 1
github.com/cdvelop/tinystring/json_encode.go:38.17,40.4 1 0
github.com/cdvelop/tinystring/json_encode.go:42.3,43.23 2 1
github.com/cdvelop/tinystring/json_encode.go:47.2,47.30 1 1
github.com/cdvelop/tinystring/json_encode.go:51.52,52.16 1 1
github.com/cdvelop/tinystring/json_encode.go:53.16,54.30 1 1
github.com/cdvelop/tinystring/json_encode.go:55.48,56.27 1 1
github.com/cdvelop/tinystring/json_encode.go:57.53,58.28 1 1
github.com/cdvelop/tinystring/json_encode.go:59.28,60.29 1 1
github.com/cdvelop/tinystring/json_encode.go:61.14,62.28 1 1
github.com/cdvelop/tinystring/json_encode.go:63.18,64.35 1 1
github.com/cdvelop/tinystring/json_encode.go:65.16,66.30 1 1
github.com/cdvelop/tinystring/json_encode.go:67.15,68.29 1 1
github.com/cdvelop/tinystring/json_encode.go:69.17,70.31 1 0
github.com/cdvelop/tinystring/json_encode.go:71.10,72.59 1 0
github.com/cdvelop/tinystring/json_encode.go:77.51,80.2 2 1
github.com/cdvelop/tinystring/json_encode.go:83.48,87.2 2 1
github.com/cdvelop/tinystring/json_encode.go:90.49,94.2 2 1
github.com/cdvelop/tinystring/json_encode.go:97.50,101.2 2 1
github.com/cdvelop/tinystring/json_encode.go:104.49,105.17 1 1
github.com/cdvelop/tinystring/json_encode.go:105.17,107.3 1 1
github.com/cdvelop/tinystring/json_encode.go:108.2,108.29 1 1
github.com/cdvelop/tinystring/json_encode.go:112.56,113.32 1 1
github.com/cdvelop/tinystring/json_encode.go:113.32,115.3 1 1
github.com/cdvelop/tinystring/json_encode.go:117.2,120.39 3 1
github.com/cdvelop/tinystring/json_encode.go:120.39,121.12 1 1
github.com/cdvelop/tinystring/json_encode.go:121.12,123.4 1 1
github.com/cdvelop/tinystring/json_encode.go:124.3,125.37 2 1
github.com/cdvelop/tinystring/json_encode.go:128.2,129.20 2 1
github.com/cdvelop/tinystring/json_encode.go:133.51,134.21 1 1
github.com/cdvelop/tinystring/json_encode.go:134.21,136.3 1 0
github.com/cdvelop/tinystring/json_encode.go:139.2,139.45 1 1
github.com/cdvelop/tinystring/json_encode.go:143.50,144.21 1 1
github.com/cdvelop/tinystring/json_encode.go:144.21,146.3 1 0
github.com/cdvelop/tinystring/json_encode.go:148.2,148.28 1 1
github.com/cdvelop/tinystring/json_encode.go:148.28,150.3 1 0
github.com/cdvelop/tinystring/json_encode.go:152.2,153.17 2 1
github.com/cdvelop/tinystring/json_encode.go:153.17,155.3 1 1
github.com/cdvelop/tinystring/json_encode.go:157.2,160.24 3 1
github.com/cdvelop/tinystring/json_encode.go:160.24,161.12 1 1
github.com/cdvelop/tinystring/json_encode.go:161.12,163.4 1 1
github.com/cdvelop/tinystring/json_encode.go:166.3,167.25 2 1
github.com/cdvelop/tinystring/json_encode.go:167.25,169.12 2 0
github.com/cdvelop/tinystring/json_encode.go:173.3,176.25 3 1
github.com/cdvelop/tinystring/json_encode.go:177.17,179.41 2 1
github.com/cdvelop/tinystring/json_encode.go:180.49,183.40 3 0
github.com/cdvelop/tinystring/json_encode.go:183.40,185.5 1 0
github.com/cdvelop/tinystring/json_encode.go:185.10,187.5 1 0
github.com/cdvelop/tinystring/json_encode.go:188.54,191.42 3 0
github.com/cdvelop/tinystring/json_encode.go:191.42,193.5 1 0
github.com/cdvelop/tinystring/json_encode.go:193.10,195.5 1 0
github.com/cdvelop/tinystring/json_encode.go:196.29,199.44 3 0
github.com/cdvelop/tinystring/json_encode.go:199.44,201.5 1 0
github.com/cdvelop/tinystring/json_encode.go:201.10,203.5 1 0
github.com/cdvelop/tinystring/json_encode.go:204.15,206.15 2 0
github.com/cdvelop/tinystring/json_encode.go:206.15,208.5 1 0
github.com/cdvelop/tinystring/json_encode.go:208.10,210.5 1 0
github.com/cdvelop/tinystring/json_encode.go:211.17,214.18 2 1
github.com/cdvelop/tinystring/json_encode.go:214.18,216.5 1 0
github.com/cdvelop/tinystring/json_encode.go:217.16,220.18 2 0
github.com/cdvelop/tinystring/json_encode.go:220.18,222.5 1 0
github.com/cdvelop/tinystring/json_encode.go:223.18,226.29 2 0
github.com/cdvelop/tinystring/json_encode.go:226.29,228.5 1 0
github.com/cdvelop/tinystring/json_encode.go:228.10,230.30 1 0
github.com/cdvelop/tinystring/json_encode.go:231.19,233.20 2 0
github.com/cdvelop/tinystring/json_encode.go:233.20,235.7 1 0
github.com/cdvelop/tinystring/json_encode.go:236.18,238.20 2 0
github.com/cdvelop/tinystring/json_encode.go:238.20,240.7 1 0
github.com/cdvelop/tinystring/json_encode.go:241.13,244.50 2 0
github.com/cdvelop/tinystring/json_encode.go:244.50,246.7 1 0
github.com/cdvelop/tinystring/json_encode.go:246.12,248.7 1 0
github.com/cdvelop/tinystring/json_encode.go:251.11,252.30 1 0
github.com/cdvelop/tinystring/json_encode.go:255.3,255.40 1 1
github.com/cdvelop/tinystring/json_encode.go:258.2,259.20 2 1
github.com/cdvelop/tinystring/json_encode.go:263.52,265.18 1 1
github.com/cdvelop/tinystring/json_encode.go:265.18,267.3 1 1
github.com/cdvelop/tinystring/json_encode.go:270.2,270.30 1 1
github.com/cdvelop/tinystring/json_encode.go:270.30,272.3 1 1
github.com/cdvelop/tinystring/json_encode.go:275.2,276.24 2 0
github.com/cdvelop/tinystring/json_encode.go:276.24,278.3 1 0
github.com/cdvelop/tinystring/json_encode.go:281.2,282.22 2 0
github.com/cdvelop/tinystring/json_encode.go:282.22,284.3 1 0
github.com/cdvelop/tinystring/json_encode.go:286.2,287.37 2 0
github.com/cdvelop/tinystring/json_encode.go:291.49,294.30 2 1
github.com/cdvelop/tinystring/json_encode.go:294.30,296.3 1 0
github.com/cdvelop/tinystring/json_encode.go:299.2,302.22 3 1
github.com/cdvelop/tinystring/json_encode.go:302.22,303.12 1 1
github.com/cdvelop/tinystring/json_encode.go:304.12,305.38 1 1
github.com/cdvelop/tinystring/json_encode.go:306.13,307.39 1 0
github.com/cdvelop/tinystring/json_encode.go:308.13,309.38 1 0
github.com/cdvelop/tinystring/json_encode.go:310.13,311.38 1 0
github.com/cdvelop/tinystring/json_encode.go:312.13,313.38 1 1
github.com/cdvelop/tinystring/json_encode.go:314.13,315.38 1 0
github.com/cdvelop/tinystring/json_encode.go:316.13,317.38 1 0
github.com/cdvelop/tinystring/json_encode.go:318.11,319.14 1 1
github.com/cdvelop/tinystring/json_encode.go:319.14,322.15 2 0
github.com/cdvelop/tinystring/json_encode.go:322.15,324.6 1 0
github.com/cdvelop/tinystring/json_encode.go:324.11,327.6 2 0
github.com/cdvelop/tinystring/json_encode.go:328.5,328.15 1 0
github.com/cdvelop/tinystring/json_encode.go:328.15,330.6 1 0
github.com/cdvelop/tinystring/json_encode.go:330.11,332.6 1 0
github.com/cdvelop/tinystring/json_encode.go:333.10,339.5 4 1
github.com/cdvelop/tinystring/json_encode.go:343.2,344.15 2 1
github.com/cdvelop/tinystring/json_encode.go:349.51,355.20 3 1
github.com/cdvelop/tinystring/json_encode.go:355.20,358.3 2 1
github.com/cdvelop/tinystring/json_encode.go:361.2,361.22 1 1
github.com/cdvelop/tinystring/json_encode.go:361.22,362.24 1 1
github.com/cdvelop/tinystring/json_encode.go:362.24,363.9 1 0
github.com/cdvelop/tinystring/json_encode.go:366.3,366.12 1 1
github.com/cdvelop/tinystring/json_encode.go:367.12,370.12 3 1
github.com/cdvelop/tinystring/json_encode.go:371.13,374.12 3 1
github.com/cdvelop/tinystring/json_encode.go:375.13,378.12 3 1
github.com/cdvelop/tinystring/json_encode.go:379.13,382.12 3 1
github.com/cdvelop/tinystring/json_encode.go:383.13,386.12 3 1
github.com/cdvelop/tinystring/json_encode.go:387.13,390.12 3 1
github.com/cdvelop/tinystring/json_encode.go:391.13,394.12 3 1
github.com/cdvelop/tinystring/json_encode.go:395.11,396.14 1 1
github.com/cdvelop/tinystring/json_encode.go:396.14,402.15 5 1
github.com/cdvelop/tinystring/json_encode.go:402.15,404.6 1 1
github.com/cdvelop/tinystring/json_encode.go:404.11,407.6 2 0
github.com/cdvelop/tinystring/json_encode.go:408.5,408.15 1 1
github.com/cdvelop/tinystring/json_encode.go:408.15,410.6 1 1
github.com/cdvelop/tinystring/json_encode.go:410.11,412.6 1 0
github.com/cdvelop/tinystring/json_encode.go:413.5,413.13 1 1
github.com/cdvelop/tinystring/json_encode.go:414.10,416.16 1 1
github.com/cdvelop/tinystring/json_encode.go:416.16,419.6 2 1
github.com/cdvelop/tinystring/json_encode.go:419.11,423.6 2 0
github.com/cdvelop/tinystring/json_encode.go:429.2,429.20 1 1
github.com/cdvelop/tinystring/json_encode.go:429.20,432.3 2 1
github.com/cdvelop/tinystring/json_encode.go:435.2,435.30 1 1
github.com/cdvelop/tinystring/json_encode.go:439.67,441.30 1 1
github.com/cdvelop/tinystring/json_encode.go:441.30,443.25 2 0
github.com/cdvelop/tinystring/json_encode.go:443.25,445.4 1 0
github.com/cdvelop/tinystring/json_encode.go:446.3,446.11 1 0
github.com/cdvelop/tinystring/json_encode.go:449.2,449.29 1 1
github.com/cdvelop/tinystring/json_encode.go:449.29,451.3 1 0
github.com/cdvelop/tinystring/json_encode.go:453.2,458.27 5 1
github.com/cdvelop/tinystring/json_encode.go:458.27,462.26 2 1
github.com/cdvelop/tinystring/json_encode.go:462.26,463.12 1 0
github.com/cdvelop/tinystring/json_encode.go:467.3,469.63 3 1
github.com/cdvelop/tinystring/json_encode.go:469.63,470.12 1 0
github.com/cdvelop/tinystring/json_encode.go:473.3,476.21 2 1
github.com/cdvelop/tinystring/json_encode.go:476.21,478.4 1 1
github.com/cdvelop/tinystring/json_encode.go:481.3,484.39 4 1
github.com/cdvelop/tinystring/json_encode.go:484.39,486.4 1 1
github.com/cdvelop/tinystring/json_encode.go:487.3,489.15 3 1
github.com/cdvelop/tinystring/json_encode.go:492.2,493.20 2 1
github.com/cdvelop/tinystring/json_encode.go:498.62,499.51 1 1
github.com/cdvelop/tinystring/json_encode.go:499.51,502.3 2 0
github.com/cdvelop/tinystring/json_encode.go:504.2,504.30 1 1
github.com/cdvelop/tinystring/json_encode.go:505.16,508.14 3 1
github.com/cdvelop/tinystring/json_encode.go:510.48,512.35 2 1
github.com/cdvelop/tinystring/json_encode.go:514.53,516.37 2 1
github.com/cdvelop/tinystring/json_encode.go:518.28,520.39 2 1
github.com/cdvelop/tinystring/json_encode.go:522.14,524.14 2 1
github.com/cdvelop/tinystring/json_encode.go:524.14,526.4 1 1
github.com/cdvelop/tinystring/json_encode.go:526.9,528.4 1 1
github.com/cdvelop/tinystring/json_encode.go:529.3,529.14 1 1
github.com/cdvelop/tinystring/json_encode.go:530.15,534.17 2 1
github.com/cdvelop/tinystring/json_encode.go:534.17,536.4 1 0
github.com/cdvelop/tinystring/json_encode.go:536.9,538.4 1 1
github.com/cdvelop/tinystring/json_encode.go:539.3,539.14 1 1
github.com/cdvelop/tinystring/json_encode.go:541.16,544.17 2 1
github.com/cdvelop/tinystring/json_encode.go:544.17,546.4 1 0
github.com/cdvelop/tinystring/json_encode.go:546.9,548.4 1 1
github.com/cdvelop/tinystring/json_encode.go:549.3,549.14 1 1
github.com/cdvelop/tinystring/json_encode.go:551.17,554.25 2 1
github.com/cdvelop/tinystring/json_encode.go:554.25,557.4 2 1
github.com/cdvelop/tinystring/json_encode.go:558.3,558.40 1 1
github.com/cdvelop/tinystring/json_encode.go:559.10,562.15 3 1
github.com/cdvelop/tinystring/mapping.go:28.31,30.26 1 1
github.com/cdvelop/tinystring/mapping.go:30.26,32.3 1 1
github.com/cdvelop/tinystring/mapping.go:34.2,34.26 1 1
github.com/cdvelop/tinystring/mapping.go:34.26,35.16 1 1
github.com/cdvelop/tinystring/mapping.go:35.16,37.4 1 1
github.com/cdvelop/tinystring/mapping.go:39.2,39.10 1 1
github.com/cdvelop/tinystring/mapping.go:43.31,45.26 1 1
github.com/cdvelop/tinystring/mapping.go:45.26,47.3 1 1
github.com/cdvelop/tinystring/mapping.go:49.2,49.26 1 1
github.com/cdvelop/tinystring/mapping.go:49.26,50.16 1 1
github.com/cdvelop/tinystring/mapping.go:50.16,52.4 1 1
github.com/cdvelop/tinystring/mapping.go:54.2,54.10 1 1
github.com/cdvelop/tinystring/mapping.go:58.36,62.24 4 1
github.com/cdvelop/tinystring/mapping.go:62.24,66.27 2 1
github.com/cdvelop/tinystring/mapping.go:66.27,67.17 1 1
github.com/cdvelop/tinystring/mapping.go:67.17,71.10 4 1
github.com/cdvelop/tinystring/mapping.go:75.3,75.13 1 1
github.com/cdvelop/tinystring/mapping.go:75.13,76.28 1 1
github.com/cdvelop/tinystring/mapping.go:76.28,77.18 1 1
github.com/cdvelop/tinystring/mapping.go:77.18,81.11 4 1
github.com/cdvelop/tinystring/mapping.go:85.3,85.13 1 1
github.com/cdvelop/tinystring/mapping.go:85.13,87.4 1 1
github.com/cdvelop/tinystring/mapping.go:89.2,89.9 1 1
github.com/cdvelop/tinystring/mapping.go:89.9,91.3 1 1
github.com/cdvelop/tinystring/mapping.go:92.2,93.10 2 1
github.com/cdvelop/tinystring/numeric.go:20.43,22.2 1 1
github.com/cdvelop/tinystring/numeric.go:25.62,32.2 5 1
github.com/cdvelop/tinystring/numeric.go:35.58,40.19 2 1
github.com/cdvelop/tinystring/numeric.go:41.13,42.16 1 1
github.com/cdvelop/tinystring/numeric.go:43.14,44.22 1 1
github.com/cdvelop/tinystring/numeric.go:47.2,47.17 1 1
github.com/cdvelop/tinystring/numeric.go:47.17,49.3 1 1
github.com/cdvelop/tinystring/numeric.go:53.2,53.49 1 1
github.com/cdvelop/tinystring/numeric.go:53.49,55.3 1 1
github.com/cdvelop/tinystring/numeric.go:57.2,59.17 3 1
github.com/cdvelop/tinystring/numeric.go:59.17,61.20 2 1
github.com/cdvelop/tinystring/numeric.go:62.14,65.18 3 1
github.com/cdvelop/tinystring/numeric.go:66.15,67.20 1 1
github.com/cdvelop/tinystring/numeric.go:67.20,70.5 2 1
github.com/cdvelop/tinystring/numeric.go:71.4,73.19 3 0
github.com/cdvelop/tinystring/numeric.go:75.3,75.14 1 1
github.com/cdvelop/tinystring/numeric.go:78.2,78.14 1 1
github.com/cdvelop/tinystring/numeric.go:82.44,83.27 1 1
github.com/cdvelop/tinystring/numeric.go:83.27,86.3 2 1
github.com/cdvelop/tinystring/numeric.go:87.2,87.13 1 1
github.com/cdvelop/tinystring/numeric.go:135.48,136.17 1 1
github.com/cdvelop/tinystring/numeric.go:136.17,138.3 1 0
github.com/cdvelop/tinystring/numeric.go:139.2,140.19 2 1
github.com/cdvelop/tinystring/numeric.go:140.19,142.3 1 1
github.com/cdvelop/tinystring/numeric.go:143.2,143.16 1 1
github.com/cdvelop/tinystring/numeric.go:144.48,145.32 1 1
github.com/cdvelop/tinystring/numeric.go:146.64,147.33 1 1
github.com/cdvelop/tinystring/numeric.go:148.28,149.34 1 1
github.com/cdvelop/tinystring/numeric.go:150.14,152.14 1 1
github.com/cdvelop/tinystring/numeric.go:153.10,155.29 1 1
github.com/cdvelop/tinystring/numeric.go:155.29,157.4 1 1
github.com/cdvelop/tinystring/numeric.go:159.3,159.14 1 1
github.com/cdvelop/tinystring/numeric.go:213.52,214.17 1 1
github.com/cdvelop/tinystring/numeric.go:214.17,216.3 1 0
github.com/cdvelop/tinystring/numeric.go:218.2,219.19 2 1
github.com/cdvelop/tinystring/numeric.go:219.19,221.3 1 0
github.com/cdvelop/tinystring/numeric.go:223.2,223.28 1 1
github.com/cdvelop/tinystring/numeric.go:223.28,225.3 1 1
github.com/cdvelop/tinystring/numeric.go:228.2,228.13 1 1
github.com/cdvelop/tinystring/numeric.go:276.50,277.17 1 1
github.com/cdvelop/tinystring/numeric.go:277.17,279.3 1 0
github.com/cdvelop/tinystring/numeric.go:281.2,282.19 2 1
github.com/cdvelop/tinystring/numeric.go:282.19,284.3 1 1
github.com/cdvelop/tinystring/numeric.go:285.2,285.16 1 1
github.com/cdvelop/tinystring/numeric.go:286.14,287.34 1 1
github.com/cdvelop/tinystring/numeric.go:288.13,290.17 2 1
github.com/cdvelop/tinystring/numeric.go:290.17,293.4 2 1
github.com/cdvelop/tinystring/numeric.go:294.3,294.27 1 1
github.com/cdvelop/tinystring/numeric.go:295.17,297.19 2 1
github.com/cdvelop/tinystring/numeric.go:297.19,300.4 2 0
github.com/cdvelop/tinystring/numeric.go:301.3,301.29 1 1
github.com/cdvelop/tinystring/numeric.go:302.14,304.14 1 1
github.com/cdvelop/tinystring/numeric.go:305.10,307.30 1 1
github.com/cdvelop/tinystring/numeric.go:307.30,309.4 1 1
github.com/cdvelop/tinystring/numeric.go:311.3,311.14 1 1
github.com/cdvelop/tinystring/numeric.go:353.43,354.17 1 1
github.com/cdvelop/tinystring/numeric.go:354.17,356.3 1 0
github.com/cdvelop/tinystring/numeric.go:357.2,357.16 1 1
github.com/cdvelop/tinystring/numeric.go:358.17,359.29 1 1
github.com/cdvelop/tinystring/numeric.go:360.13,361.36 1 1
github.com/cdvelop/tinystring/numeric.go:362.14,363.37 1 0
github.com/cdvelop/tinystring/numeric.go:364.10,367.18 2 1
github.com/cdvelop/tinystring/numeric.go:367.18,369.4 1 1
github.com/cdvelop/tinystring/numeric.go:370.3,370.29 1 1
github.com/cdvelop/tinystring/numeric.go:376.32,378.2 1 1
github.com/cdvelop/tinystring/numeric.go:382.39,384.26 2 1
github.com/cdvelop/tinystring/numeric.go:384.26,386.3 1 1
github.com/cdvelop/tinystring/numeric.go:388.2,389.19 2 1
github.com/cdvelop/tinystring/numeric.go:389.19,390.17 1 1
github.com/cdvelop/tinystring/numeric.go:390.17,393.4 2 1
github.com/cdvelop/tinystring/numeric.go:394.3,396.23 2 1
github.com/cdvelop/tinystring/numeric.go:399.2,400.17 2 1
github.com/cdvelop/tinystring/numeric.go:400.17,402.3 1 1
github.com/cdvelop/tinystring/numeric.go:403.2,403.11 1 1
github.com/cdvelop/tinystring/numeric.go:403.11,406.3 2 1
github.com/cdvelop/tinystring/numeric.go:406.8,409.3 2 1
github.com/cdvelop/tinystring/numeric.go:410.2,410.16 1 1
github.com/cdvelop/tinystring/numeric.go:415.47,416.28 1 1
github.com/cdvelop/tinystring/numeric.go:416.28,418.3 1 1
github.com/cdvelop/tinystring/numeric.go:420.2,420.21 1 1
github.com/cdvelop/tinystring/numeric.go:420.21,423.3 2 1
github.com/cdvelop/tinystring/numeric.go:425.2,426.13 2 1
github.com/cdvelop/tinystring/numeric.go:432.26,434.26 2 1
github.com/cdvelop/tinystring/numeric.go:434.26,436.3 1 1
github.com/cdvelop/tinystring/numeric.go:438.2,440.19 3 1
github.com/cdvelop/tinystring/numeric.go:440.19,443.20 3 1
github.com/cdvelop/tinystring/numeric.go:443.20,446.4 2 0
github.com/cdvelop/tinystring/numeric.go:447.8,447.26 1 1
github.com/cdvelop/tinystring/numeric.go:447.26,449.20 2 0
github.com/cdvelop/tinystring/numeric.go:449.20,452.4 2 0
github.com/cdvelop/tinystring/numeric.go:455.2,462.35 7 1
github.com/cdvelop/tinystring/numeric.go:462.35,464.16 2 1
github.com/cdvelop/tinystring/numeric.go:464.16,465.11 1 1
github.com/cdvelop/tinystring/numeric.go:465.11,468.5 2 0
github.com/cdvelop/tinystring/numeric.go:469.4,470.13 2 1
github.com/cdvelop/tinystring/numeric.go:471.9,471.36 1 1
github.com/cdvelop/tinystring/numeric.go:471.36,474.10 3 1
github.com/cdvelop/tinystring/numeric.go:474.10,477.5 2 1
github.com/cdvelop/tinystring/numeric.go:477.10,478.75 1 1
github.com/cdvelop/tinystring/numeric.go:478.75,481.6 2 0
github.com/cdvelop/tinystring/numeric.go:482.5,482.21 1 1
github.com/cdvelop/tinystring/numeric.go:484.9,487.4 2 1
github.com/cdvelop/tinystring/numeric.go:490.2,490.9 1 1
github.com/cdvelop/tinystring/numeric.go:490.9,493.3 2 0
github.com/cdvelop/tinystring/numeric.go:495.2,496.12 2 1
github.com/cdvelop/tinystring/numeric.go:496.12,498.3 1 1
github.com/cdvelop/tinystring/numeric.go:499.2,499.11 1 1
github.com/cdvelop/tinystring/numeric.go:499.11,501.3 1 1
github.com/cdvelop/tinystring/numeric.go:502.2,503.20 2 1
github.com/cdvelop/tinystring/numeric.go:508.30,510.27 2 1
github.com/cdvelop/tinystring/numeric.go:510.27,512.3 1 1
github.com/cdvelop/tinystring/numeric.go:514.2,516.25 2 1
github.com/cdvelop/tinystring/numeric.go:516.25,518.29 2 1
github.com/cdvelop/tinystring/numeric.go:518.29,520.4 1 1
github.com/cdvelop/tinystring/numeric.go:520.9,520.36 1 1
github.com/cdvelop/tinystring/numeric.go:520.36,522.4 1 1
github.com/cdvelop/tinystring/numeric.go:522.9,522.36 1 1
github.com/cdvelop/tinystring/numeric.go:522.36,524.4 1 1
github.com/cdvelop/tinystring/numeric.go:524.9,527.4 2 1
github.com/cdvelop/tinystring/numeric.go:529.3,529.16 1 1
github.com/cdvelop/tinystring/numeric.go:529.16,532.4 2 1
github.com/cdvelop/tinystring/numeric.go:535.3,535.38 1 1
github.com/cdvelop/tinystring/numeric.go:535.38,538.4 2 0
github.com/cdvelop/tinystring/numeric.go:540.3,540.37 1 1
github.com/cdvelop/tinystring/numeric.go:542.2,543.17 2 1
github.com/cdvelop/tinystring/numeric.go:547.47,548.15 1 1
github.com/cdvelop/tinystring/numeric.go:548.15,551.3 2 1
github.com/cdvelop/tinystring/numeric.go:552.2,552.14 1 1
github.com/cdvelop/tinystring/numeric.go:557.66,560.14 2 1
github.com/cdvelop/tinystring/numeric.go:560.14,564.3 3 1
github.com/cdvelop/tinystring/numeric.go:565.2,565.31 1 1
github.com/cdvelop/tinystring/numeric.go:569.33,571.2 1 1
github.com/cdvelop/tinystring/numeric.go:574.34,576.2 1 1
github.com/cdvelop/tinystring/numeric.go:579.71,580.14 1 1
github.com/cdvelop/tinystring/numeric.go:580.14,583.3 2 1
github.com/cdvelop/tinystring/numeric.go:585.2,587.14 3 1
github.com/cdvelop/tinystring/numeric.go:587.14,589.3 1 1
github.com/cdvelop/tinystring/numeric.go:591.2,593.14 2 1
github.com/cdvelop/tinystring/numeric.go:593.14,596.3 2 1
github.com/cdvelop/tinystring/numeric.go:598.2,598.30 1 1
github.com/cdvelop/tinystring/numeric.go:602.22,605.45 2 1
github.com/cdvelop/tinystring/numeric.go:605.45,608.3 2 1
github.com/cdvelop/tinystring/numeric.go:611.2,611.14 1 1
github.com/cdvelop/tinystring/numeric.go:611.14,614.3 2 0
github.com/cdvelop/tinystring/numeric.go:615.2,615.14 1 1
github.com/cdvelop/tinystring/numeric.go:615.14,618.3 2 0
github.com/cdvelop/tinystring/numeric.go:620.2,620.14 1 1
github.com/cdvelop/tinystring/numeric.go:624.22,627.34 2 1
github.com/cdvelop/tinystring/numeric.go:627.34,630.3 2 1
github.com/cdvelop/tinystring/numeric.go:633.2,633.14 1 1
github.com/cdvelop/tinystring/numeric.go:633.14,636.3 2 0
github.com/cdvelop/tinystring/numeric.go:637.2,637.14 1 1
github.com/cdvelop/tinystring/numeric.go:637.14,640.3 2 0
github.com/cdvelop/tinystring/numeric.go:643.2,643.15 1 1
github.com/cdvelop/tinystring/numeric.go:648.22,651.16 2 1
github.com/cdvelop/tinystring/numeric.go:651.16,654.3 2 0
github.com/cdvelop/tinystring/numeric.go:656.2,656.33 1 1
github.com/cdvelop/tinystring/numeric.go:656.33,657.14 1 0
github.com/cdvelop/tinystring/numeric.go:657.14,659.4 1 0
github.com/cdvelop/tinystring/numeric.go:659.9,661.4 1 0
github.com/cdvelop/tinystring/numeric.go:662.3,662.9 1 0
github.com/cdvelop/tinystring/numeric.go:666.2,666.14 1 1
github.com/cdvelop/tinystring/numeric.go:666.14,669.3 2 1
github.com/cdvelop/tinystring/numeric.go:672.2,673.16 2 1
github.com/cdvelop/tinystring/numeric.go:673.16,675.3 1 1
github.com/cdvelop/tinystring/numeric.go:678.2,683.22 4 1
github.com/cdvelop/tinystring/numeric.go:683.22,685.3 1 0
github.com/cdvelop/tinystring/numeric.go:685.8,689.16 3 1
github.com/cdvelop/tinystring/numeric.go:689.16,692.4 2 1
github.com/cdvelop/tinystring/numeric.go:693.3,693.18 1 1
github.com/cdvelop/tinystring/numeric.go:697.2,697.24 1 1
github.com/cdvelop/tinystring/numeric.go:697.24,704.26 5 1
github.com/cdvelop/tinystring/numeric.go:704.26,707.4 2 1
github.com/cdvelop/tinystring/numeric.go:710.3,710.58 1 1
github.com/cdvelop/tinystring/numeric.go:710.58,712.4 1 1
github.com/cdvelop/tinystring/numeric.go:714.3,714.20 1 1
github.com/cdvelop/tinystring/numeric.go:716.2,716.16 1 1
github.com/cdvelop/tinystring/numeric.go:716.16,718.3 1 1
github.com/cdvelop/tinystring/numeric.go:719.2,719.19 1 1
github.com/cdvelop/tinystring/numeric.go:723.72,728.27 3 1
github.com/cdvelop/tinystring/numeric.go:729.38,730.28 1 1
github.com/cdvelop/tinystring/numeric.go:731.43,732.29 1 1
github.com/cdvelop/tinystring/numeric.go:733.24,734.30 1 1
github.com/cdvelop/tinystring/numeric.go:735.10,736.18 1 1
github.com/cdvelop/tinystring/numeric.go:739.2,739.9 1 1
github.com/cdvelop/tinystring/numeric.go:739.9,741.3 1 0
github.com/cdvelop/tinystring/numeric.go:744.2,744.15 1 1
github.com/cdvelop/tinystring/numeric.go:744.15,746.3 1 1
github.com/cdvelop/tinystring/numeric.go:747.2,747.21 1 1
github.com/cdvelop/tinystring/numeric.go:751.46,752.25 1 1
github.com/cdvelop/tinystring/numeric.go:753.11,754.19 1 1
github.com/cdvelop/tinystring/numeric.go:755.12,756.24 1 1
github.com/cdvelop/tinystring/numeric.go:757.13,758.24 1 1
github.com/cdvelop/tinystring/numeric.go:759.13,760.24 1 1
github.com/cdvelop/tinystring/numeric.go:761.13,762.24 1 1
github.com/cdvelop/tinystring/numeric.go:764.2,764.17 1 0
github.com/cdvelop/tinystring/numeric.go:768.47,769.25 1 1
github.com/cdvelop/tinystring/numeric.go:770.12,771.24 1 1
github.com/cdvelop/tinystring/numeric.go:772.13,773.24 1 1
github.com/cdvelop/tinystring/numeric.go:774.14,775.24 1 1
github.com/cdvelop/tinystring/numeric.go:776.14,777.24 1 1
github.com/cdvelop/tinystring/numeric.go:778.14,779.24 1 1
github.com/cdvelop/tinystring/numeric.go:781.2,781.17 1 0
github.com/cdvelop/tinystring/numeric.go:785.48,786.25 1 1
github.com/cdvelop/tinystring/numeric.go:787.15,788.24 1 1
github.com/cdvelop/tinystring/numeric.go:789.15,790.24 1 1
github.com/cdvelop/tinystring/numeric.go:792.2,792.17 1 0
github.com/cdvelop/tinystring/numeric.go:797.52,799.16 1 1
github.com/cdvelop/tinystring/numeric.go:799.16,802.3 2 0
github.com/cdvelop/tinystring/numeric.go:805.2,805.33 1 1
github.com/cdvelop/tinystring/numeric.go:805.33,808.3 2 0
github.com/cdvelop/tinystring/numeric.go:811.2,811.14 1 1
github.com/cdvelop/tinystring/numeric.go:811.14,814.3 2 1
github.com/cdvelop/tinystring/numeric.go:816.2,821.13 5 1
github.com/cdvelop/tinystring/numeric.go:826.48,833.2 5 1
github.com/cdvelop/tinystring/numeric.go:837.50,844.2 5 1
github.com/cdvelop/tinystring/parse.go:17.79,22.25 2 1
github.com/cdvelop/tinystring/parse.go:22.25,23.26 1 1
github.com/cdvelop/tinystring/parse.go:23.26,25.4 1 0
github.com/cdvelop/tinystring/parse.go:26.3,26.26 1 1
github.com/cdvelop/tinystring/parse.go:26.26,28.4 1 1
github.com/cdvelop/tinystring/parse.go:32.2,32.13 1 1
github.com/cdvelop/tinystring/parse.go:32.13,34.3 1 1
github.com/cdvelop/tinystring/parse.go:37.2,37.22 1 1
github.com/cdvelop/tinystring/parse.go:37.22,40.3 2 1
github.com/cdvelop/tinystring/parse.go:43.2,44.39 2 1
github.com/cdvelop/tinystring/parse.go:44.39,45.26 1 1
github.com/cdvelop/tinystring/parse.go:45.26,47.9 2 1
github.com/cdvelop/tinystring/parse.go:52.2,52.13 1 1
github.com/cdvelop/tinystring/parse.go:52.13,54.3 1 1
github.com/cdvelop/tinystring/parse.go:57.2,57.16 1 0
github.com/cdvelop/tinystring/quote.go:5.30,8.2 2 1
github.com/cdvelop/tinystring/quote.go:12.30,14.15 2 1
github.com/cdvelop/tinystring/quote.go:14.15,17.3 2 1
github.com/cdvelop/tinystring/quote.go:20.2,24.27 4 1
github.com/cdvelop/tinystring/quote.go:24.27,25.15 1 1
github.com/cdvelop/tinystring/quote.go:26.12,27.38 1 1
github.com/cdvelop/tinystring/quote.go:28.13,29.39 1 1
github.com/cdvelop/tinystring/quote.go:30.13,31.38 1 1
github.com/cdvelop/tinystring/quote.go:32.13,33.38 1 1
github.com/cdvelop/tinystring/quote.go:34.13,35.38 1 1
github.com/cdvelop/tinystring/quote.go:36.11,37.44 1 1
github.com/cdvelop/tinystring/quote.go:40.2,41.29 2 1
github.com/cdvelop/tinystring/reflect.go:32.30,34.14 2 1
github.com/cdvelop/tinystring/reflect.go:34.14,36.3 1 1
github.com/cdvelop/tinystring/reflect.go:37.2,38.10 2 1
github.com/cdvelop/tinystring/reflect.go:51.34,53.2 1 1
github.com/cdvelop/tinystring/reflect.go:56.32,58.2 1 1
github.com/cdvelop/tinystring/reflect.go:61.32,63.11 2 1
github.com/cdvelop/tinystring/reflect.go:64.19,66.38 2 1
github.com/cdvelop/tinystring/reflect.go:66.38,68.4 1 0
github.com/cdvelop/tinystring/reflect.go:68.9,70.4 1 1
github.com/cdvelop/tinystring/reflect.go:71.3,71.23 1 1
github.com/cdvelop/tinystring/reflect.go:71.23,73.4 1 0
github.com/cdvelop/tinystring/reflect.go:74.3,78.28 5 1
github.com/cdvelop/tinystring/reflect.go:78.28,80.4 1 1
github.com/cdvelop/tinystring/reflect.go:81.3,81.16 1 1
github.com/cdvelop/tinystring/reflect.go:82.17,85.28 2 1
github.com/cdvelop/tinystring/reflect.go:85.28,88.4 1 1
github.com/cdvelop/tinystring/reflect.go:88.9,92.4 1 1
github.com/cdvelop/tinystring/reflect.go:94.3,94.17 1 1
github.com/cdvelop/tinystring/reflect.go:94.17,96.4 1 1
github.com/cdvelop/tinystring/reflect.go:98.3,99.22 2 1
github.com/cdvelop/tinystring/reflect.go:99.22,101.4 1 0
github.com/cdvelop/tinystring/reflect.go:105.3,113.16 6 1
github.com/cdvelop/tinystring/reflect.go:115.2,115.88 1 0
github.com/cdvelop/tinystring/reflect.go:119.34,123.2 3 1
github.com/cdvelop/tinystring/reflect.go:126.38,127.29 1 1
github.com/cdvelop/tinystring/reflect.go:127.29,128.86 1 0
github.com/cdvelop/tinystring/reflect.go:130.2,131.37 2 1
github.com/cdvelop/tinystring/reflect.go:131.37,132.45 1 0
github.com/cdvelop/tinystring/reflect.go:134.2,141.35 4 1
github.com/cdvelop/tinystring/reflect.go:141.35,143.3 1 1
github.com/cdvelop/tinystring/reflect.go:145.2,149.15 5 1
github.com/cdvelop/tinystring/reflect.go:153.39,157.27 4 1
github.com/cdvelop/tinystring/reflect.go:157.27,159.3 1 0
github.com/cdvelop/tinystring/reflect.go:160.2,160.21 1 1
github.com/cdvelop/tinystring/reflect.go:164.35,167.27 3 1
github.com/cdvelop/tinystring/reflect.go:167.27,169.3 1 0
github.com/cdvelop/tinystring/reflect.go:170.2,170.21 1 1
github.com/cdvelop/tinystring/reflect.go:171.13,172.24 1 1
github.com/cdvelop/tinystring/reflect.go:173.14,174.26 1 0
github.com/cdvelop/tinystring/reflect.go:175.15,176.28 1 0
github.com/cdvelop/tinystring/reflect.go:177.15,178.28 1 0
github.com/cdvelop/tinystring/reflect.go:179.15,180.21 1 1
github.com/cdvelop/tinystring/reflect.go:181.10,182.87 1 0
github.com/cdvelop/tinystring/reflect.go:187.37,190.27 3 1
github.com/cdvelop/tinystring/reflect.go:190.27,192.3 1 0
github.com/cdvelop/tinystring/reflect.go:193.2,193.21 1 1
github.com/cdvelop/tinystring/reflect.go:194.14,195.26 1 1
github.com/cdvelop/tinystring/reflect.go:196.15,197.28 1 1
github.com/cdvelop/tinystring/reflect.go:198.16,199.30 1 1
github.com/cdvelop/tinystring/reflect.go:200.16,201.30 1 1
github.com/cdvelop/tinystring/reflect.go:202.16,203.22 1 1
github.com/cdvelop/tinystring/reflect.go:204.17,205.32 1 1
github.com/cdvelop/tinystring/reflect.go:206.10,207.100 1 1
github.com/cdvelop/tinystring/reflect.go:212.39,215.27 3 1
github.com/cdvelop/tinystring/reflect.go:215.27,217.3 1 0
github.com/cdvelop/tinystring/reflect.go:218.2,218.21 1 1
github.com/cdvelop/tinystring/reflect.go:219.17,220.32 1 0
github.com/cdvelop/tinystring/reflect.go:221.17,222.23 1 1
github.com/cdvelop/tinystring/reflect.go:223.10,224.101 1 0
github.com/cdvelop/tinystring/reflect.go:229.35,233.27 4 1
github.com/cdvelop/tinystring/reflect.go:233.27,235.3 1 0
github.com/cdvelop/tinystring/reflect.go:236.2,236.19 1 1
github.com/cdvelop/tinystring/reflect.go:241.32,243.17 2 1
github.com/cdvelop/tinystring/reflect.go:243.17,245.3 1 1
github.com/cdvelop/tinystring/reflect.go:246.2,247.17 2 1
github.com/cdvelop/tinystring/reflect.go:247.17,250.3 2 0
github.com/cdvelop/tinystring/reflect.go:253.2,253.30 1 1
github.com/cdvelop/tinystring/reflect.go:253.30,256.31 1 1
github.com/cdvelop/tinystring/reflect.go:256.31,259.4 1 1
github.com/cdvelop/tinystring/reflect.go:259.9,262.4 1 0
github.com/cdvelop/tinystring/reflect.go:263.8,266.3 1 1
github.com/cdvelop/tinystring/reflect.go:270.34,271.16 1 1
github.com/cdvelop/tinystring/reflect.go:271.16,273.3 1 1
github.com/cdvelop/tinystring/reflect.go:275.2,278.29 2 1
github.com/cdvelop/tinystring/reflect.go:278.29,284.3 5 1
github.com/cdvelop/tinystring/reflect.go:287.2,291.24 3 1
github.com/cdvelop/tinystring/reflect.go:291.24,294.3 1 0
github.com/cdvelop/tinystring/reflect.go:296.2,306.10 6 1
github.com/cdvelop/tinystring/reflect.go:310.33,311.17 1 1
github.com/cdvelop/tinystring/reflect.go:311.17,313.3 1 0
github.com/cdvelop/tinystring/reflect.go:314.2,314.24 1 1
github.com/cdvelop/tinystring/reflect.go:314.24,316.3 1 0
github.com/cdvelop/tinystring/reflect.go:320.35,321.17 1 1
github.com/cdvelop/tinystring/reflect.go:321.17,323.3 1 0
github.com/cdvelop/tinystring/reflect.go:324.2,324.24 1 1
github.com/cdvelop/tinystring/reflect.go:324.24,327.3 2 0
github.com/cdvelop/tinystring/reflect.go:328.2,328.26 1 1
github.com/cdvelop/tinystring/reflect.go:328.26,331.3 2 1
github.com/cdvelop/tinystring/reflect.go:335.38,336.17 1 1
github.com/cdvelop/tinystring/reflect.go:336.17,338.3 1 0
github.com/cdvelop/tinystring/reflect.go:339.2,339.29 1 1
github.com/cdvelop/tinystring/reflect.go:339.29,341.3 1 0
github.com/cdvelop/tinystring/reflect.go:345.31,347.2 1 1
github.com/cdvelop/tinystring/reflect.go:350.56,355.2 1 1
github.com/cdvelop/tinystring/reflect.go:358.53,363.37 3 1
github.com/cdvelop/tinystring/reflect.go:363.37,365.3 1 1
github.com/cdvelop/tinystring/reflect.go:369.34,371.2 1 1
github.com/cdvelop/tinystring/reflect.go:374.31,375.17 1 1
github.com/cdvelop/tinystring/reflect.go:375.17,377.3 1 1
github.com/cdvelop/tinystring/reflect.go:379.2,380.27 2 1
github.com/cdvelop/tinystring/reflect.go:380.27,382.3 1 1
github.com/cdvelop/tinystring/reflect.go:384.2,384.29 1 1
github.com/cdvelop/tinystring/reflect.go:385.13,386.29 1 1
github.com/cdvelop/tinystring/reflect.go:387.14,388.30 1 1
github.com/cdvelop/tinystring/reflect.go:389.15,390.31 1 1
github.com/cdvelop/tinystring/reflect.go:391.15,392.31 1 1
github.com/cdvelop/tinystring/reflect.go:393.15,394.24 1 1
github.com/cdvelop/tinystring/reflect.go:395.10,397.11 2 0
github.com/cdvelop/tinystring/reflect.go:402.33,403.17 1 1
github.com/cdvelop/tinystring/reflect.go:403.17,405.3 1 0
github.com/cdvelop/tinystring/reflect.go:407.2,408.27 2 1
github.com/cdvelop/tinystring/reflect.go:408.27,410.3 1 0
github.com/cdvelop/tinystring/reflect.go:412.2,412.29 1 1
github.com/cdvelop/tinystring/reflect.go:413.14,414.31 1 1
github.com/cdvelop/tinystring/reflect.go:415.15,416.32 1 1
github.com/cdvelop/tinystring/reflect.go:417.16,418.33 1 1
github.com/cdvelop/tinystring/reflect.go:419.16,420.33 1 1
github.com/cdvelop/tinystring/reflect.go:421.16,422.25 1 1
github.com/cdvelop/tinystring/reflect.go:423.17,424.34 1 1
github.com/cdvelop/tinystring/reflect.go:425.10,427.11 2 0
github.com/cdvelop/tinystring/reflect.go:432.35,433.17 1 1
github.com/cdvelop/tinystring/reflect.go:433.17,435.3 1 1
github.com/cdvelop/tinystring/reflect.go:437.2,438.27 2 1
github.com/cdvelop/tinystring/reflect.go:438.27,440.3 1 0
github.com/cdvelop/tinystring/reflect.go:442.2,442.29 1 1
github.com/cdvelop/tinystring/reflect.go:443.17,444.35 1 1
github.com/cdvelop/tinystring/reflect.go:445.17,446.26 1 1
github.com/cdvelop/tinystring/reflect.go:447.10,449.11 2 0
github.com/cdvelop/tinystring/reflect.go:454.31,455.17 1 1
github.com/cdvelop/tinystring/reflect.go:455.17,457.3 1 0
github.com/cdvelop/tinystring/reflect.go:459.2,460.17 2 1
github.com/cdvelop/tinystring/reflect.go:460.17,462.3 1 0
github.com/cdvelop/tinystring/reflect.go:464.2,465.27 2 1
github.com/cdvelop/tinystring/reflect.go:465.27,467.3 1 0
github.com/cdvelop/tinystring/reflect.go:468.2,468.22 1 1
github.com/cdvelop/tinystring/reflect.go:472.35,473.17 1 1
github.com/cdvelop/tinystring/reflect.go:473.17,475.3 1 0
github.com/cdvelop/tinystring/reflect.go:477.2,477.21 1 1
github.com/cdvelop/tinystring/reflect.go:477.21,479.3 1 0
github.com/cdvelop/tinystring/reflect.go:482.2,482.29 1 1
github.com/cdvelop/tinystring/reflect.go:482.29,484.3 1 0
github.com/cdvelop/tinystring/reflect.go:486.2,487.27 2 1
github.com/cdvelop/tinystring/reflect.go:487.27,489.3 1 0
github.com/cdvelop/tinystring/reflect.go:490.2,490.24 1 1
github.com/cdvelop/tinystring/reflect.go:494.32,495.17 1 1
github.com/cdvelop/tinystring/reflect.go:495.17,497.3 1 0
github.com/cdvelop/tinystring/reflect.go:499.2,499.21 1 1
github.com/cdvelop/tinystring/reflect.go:499.21,501.3 1 0
github.com/cdvelop/tinystring/reflect.go:503.2,503.21 1 1
github.com/cdvelop/tinystring/reflect.go:504.16,505.23 1 1
github.com/cdvelop/tinystring/reflect.go:506.13,507.25 1 1
github.com/cdvelop/tinystring/reflect.go:508.14,509.26 1 1
github.com/cdvelop/tinystring/reflect.go:510.15,511.27 1 1
github.com/cdvelop/tinystring/reflect.go:512.15,513.27 1 1
github.com/cdvelop/tinystring/reflect.go:514.15,515.20 1 1
github.com/cdvelop/tinystring/reflect.go:516.14,517.27 1 1
github.com/cdvelop/tinystring/reflect.go:518.15,519.28 1 1
github.com/cdvelop/tinystring/reflect.go:520.16,521.29 1 1
github.com/cdvelop/tinystring/reflect.go:522.16,523.29 1 1
github.com/cdvelop/tinystring/reflect.go:524.16,525.21 1 1
github.com/cdvelop/tinystring/reflect.go:526.17,527.30 1 0
github.com/cdvelop/tinystring/reflect.go:528.17,529.31 1 1
github.com/cdvelop/tinystring/reflect.go:530.17,531.22 1 1
github.com/cdvelop/tinystring/reflect.go:532.14,533.21 1 1
github.com/cdvelop/tinystring/reflect.go:534.19,537.38 2 1
github.com/cdvelop/tinystring/reflect.go:537.38,539.4 1 0
github.com/cdvelop/tinystring/reflect.go:539.9,541.4 1 1
github.com/cdvelop/tinystring/reflect.go:542.3,542.23 1 1
github.com/cdvelop/tinystring/reflect.go:542.23,544.4 1 0
github.com/cdvelop/tinystring/reflect.go:547.3,547.41 1 1
github.com/cdvelop/tinystring/reflect.go:548.16,553.41 4 0
github.com/cdvelop/tinystring/reflect.go:554.10,556.13 1 0
github.com/cdvelop/tinystring/reflect.go:561.70,563.2 1 1
github.com/cdvelop/tinystring/reflect.go:577.54,578.28 1 1
github.com/cdvelop/tinystring/reflect.go:578.28,580.3 1 0
github.com/cdvelop/tinystring/reflect.go:583.2,585.32 2 1
github.com/cdvelop/tinystring/reflect.go:585.32,586.41 1 1
github.com/cdvelop/tinystring/reflect.go:586.41,589.4 2 1
github.com/cdvelop/tinystring/reflect.go:591.2,593.38 3 1
github.com/cdvelop/tinystring/reflect.go:593.38,603.3 3 1
github.com/cdvelop/tinystring/reflect.go:605.2,615.16 3 1
github.com/cdvelop/tinystring/reflect.go:619.29,621.2 1 1
github.com/cdvelop/tinystring/reflect.go:623.39,624.16 1 1
github.com/cdvelop/tinystring/reflect.go:624.16,626.3 1 0
github.com/cdvelop/tinystring/reflect.go:630.2,632.14 3 1
github.com/cdvelop/tinystring/reflect.go:632.14,635.16 2 1
github.com/cdvelop/tinystring/reflect.go:635.16,637.4 1 0
github.com/cdvelop/tinystring/reflect.go:637.9,639.17 2 1
github.com/cdvelop/tinystring/reflect.go:639.17,643.5 3 1
github.com/cdvelop/tinystring/reflect.go:644.4,644.19 1 1
github.com/cdvelop/tinystring/reflect.go:648.2,651.47 3 1
github.com/cdvelop/tinystring/reflect.go:655.47,658.23 2 1
github.com/cdvelop/tinystring/reflect.go:658.23,660.3 1 1
github.com/cdvelop/tinystring/reflect.go:665.29,666.17 1 1
github.com/cdvelop/tinystring/reflect.go:666.17,668.3 1 0
github.com/cdvelop/tinystring/reflect.go:669.2,670.11 2 1
github.com/cdvelop/tinystring/reflect.go:671.15,673.35 1 1
github.com/cdvelop/tinystring/reflect.go:674.10,676.11 2 1
github.com/cdvelop/tinystring/reflect.go:682.38,683.17 1 1
github.com/cdvelop/tinystring/reflect.go:683.17,685.3 1 0
github.com/cdvelop/tinystring/reflect.go:686.2,687.11 2 1
github.com/cdvelop/tinystring/reflect.go:688.15,690.26 2 1
github.com/cdvelop/tinystring/reflect.go:690.26,693.4 2 0
github.com/cdvelop/tinystring/reflect.go:696.3,697.22 2 1
github.com/cdvelop/tinystring/reflect.go:697.22,699.4 1 0
github.com/cdvelop/tinystring/reflect.go:701.3,713.72 7 1
github.com/cdvelop/tinystring/reflect.go:713.72,715.4 1 1
github.com/cdvelop/tinystring/reflect.go:717.3,717.16 1 1
github.com/cdvelop/tinystring/reflect.go:718.10,720.27 2 0
github.com/cdvelop/tinystring/repeat.go:6.36,8.29 2 1
github.com/cdvelop/tinystring/repeat.go:8.29,11.3 2 1
github.com/cdvelop/tinystring/repeat.go:13.2,16.14 2 1
github.com/cdvelop/tinystring/repeat.go:16.14,18.3 1 1
github.com/cdvelop/tinystring/repeat.go:20.2,21.10 2 1
github.com/cdvelop/tinystring/replace.go:7.60,13.32 4 1
github.com/cdvelop/tinystring/replace.go:13.32,15.3 1 1
github.com/cdvelop/tinystring/replace.go:18.2,19.16 2 1
github.com/cdvelop/tinystring/replace.go:19.16,21.3 1 1
github.com/cdvelop/tinystring/replace.go:23.2,26.32 3 1
github.com/cdvelop/tinystring/replace.go:26.32,28.91 1 1
github.com/cdvelop/tinystring/replace.go:28.91,35.4 3 1
github.com/cdvelop/tinystring/replace.go:35.9,38.4 1 1
github.com/cdvelop/tinystring/replace.go:41.2,42.10 2 1
github.com/cdvelop/tinystring/replace.go:47.48,49.68 2 1
github.com/cdvelop/tinystring/replace.go:49.68,51.3 1 1
github.com/cdvelop/tinystring/replace.go:52.2,53.10 2 1
github.com/cdvelop/tinystring/replace.go:58.48,60.59 2 1
github.com/cdvelop/tinystring/replace.go:60.59,62.3 1 1
github.com/cdvelop/tinystring/replace.go:63.2,64.10 2 1
github.com/cdvelop/tinystring/replace.go:69.29,71.15 2 1
github.com/cdvelop/tinystring/replace.go:71.15,73.3 1 1
github.com/cdvelop/tinystring/replace.go:75.2,76.112 2 1
github.com/cdvelop/tinystring/replace.go:76.112,78.3 1 1
github.com/cdvelop/tinystring/replace.go:80.2,81.96 2 1
github.com/cdvelop/tinystring/replace.go:81.96,83.3 1 1
github.com/cdvelop/tinystring/replace.go:86.2,86.17 1 1
github.com/cdvelop/tinystring/replace.go:86.17,89.3 2 1
github.com/cdvelop/tinystring/replace.go:92.2,93.10 2 1
github.com/cdvelop/tinystring/split.go:9.64,11.25 1 1
github.com/cdvelop/tinystring/split.go:11.25,14.13 2 1
github.com/cdvelop/tinystring/split.go:14.13,16.4 1 1
github.com/cdvelop/tinystring/split.go:17.3,23.27 4 1
github.com/cdvelop/tinystring/split.go:23.27,26.18 2 1
github.com/cdvelop/tinystring/split.go:26.18,30.5 2 1
github.com/cdvelop/tinystring/split.go:30.10,30.23 1 1
github.com/cdvelop/tinystring/split.go:30.23,34.5 2 1
github.com/cdvelop/tinystring/split.go:38.3,38.9 1 1
github.com/cdvelop/tinystring/split.go:38.9,40.4 1 1
github.com/cdvelop/tinystring/split.go:42.3,42.9 1 1
github.com/cdvelop/tinystring/split.go:46.2,49.19 2 1
github.com/cdvelop/tinystring/split.go:49.19,51.3 1 1
github.com/cdvelop/tinystring/split.go:54.2,54.15 1 1
github.com/cdvelop/tinystring/split.go:54.15,56.27 2 1
github.com/cdvelop/tinystring/split.go:56.27,58.4 1 1
github.com/cdvelop/tinystring/split.go:59.3,59.9 1 1
github.com/cdvelop/tinystring/split.go:63.2,64.12 2 1
github.com/cdvelop/tinystring/split.go:64.12,66.3 1 0
github.com/cdvelop/tinystring/split.go:67.2,72.37 4 1
github.com/cdvelop/tinystring/split.go:72.37,73.26 1 1
github.com/cdvelop/tinystring/split.go:73.26,77.4 3 1
github.com/cdvelop/tinystring/split.go:81.2,82.8 2 1
github.com/cdvelop/tinystring/truncate.go:6.107,8.61 1 1
github.com/cdvelop/tinystring/truncate.go:8.61,10.3 1 1
github.com/cdvelop/tinystring/truncate.go:10.8,10.45 1 1
github.com/cdvelop/tinystring/truncate.go:10.45,13.3 1 0
github.com/cdvelop/tinystring/truncate.go:14.2,14.13 1 1
github.com/cdvelop/tinystring/truncate.go:25.67,30.9 4 1
github.com/cdvelop/tinystring/truncate.go:30.9,32.3 1 1
github.com/cdvelop/tinystring/truncate.go:34.2,34.14 1 1
github.com/cdvelop/tinystring/truncate.go:34.14,37.29 2 1
github.com/cdvelop/tinystring/truncate.go:37.29,38.65 1 1
github.com/cdvelop/tinystring/truncate.go:38.65,40.5 1 1
github.com/cdvelop/tinystring/truncate.go:43.3,43.16 1 1
github.com/cdvelop/tinystring/truncate.go:43.16,45.4 1 0
github.com/cdvelop/tinystring/truncate.go:48.3,51.57 3 1
github.com/cdvelop/tinystring/truncate.go:51.57,55.4 2 1
github.com/cdvelop/tinystring/truncate.go:55.9,55.44 1 1
github.com/cdvelop/tinystring/truncate.go:55.44,59.4 2 1
github.com/cdvelop/tinystring/truncate.go:59.9,63.4 2 1
github.com/cdvelop/tinystring/truncate.go:66.2,66.10 1 1
github.com/cdvelop/tinystring/truncate.go:81.66,82.25 1 1
github.com/cdvelop/tinystring/truncate.go:82.25,84.3 1 1
github.com/cdvelop/tinystring/truncate.go:86.2,87.9 2 1
github.com/cdvelop/tinystring/truncate.go:87.9,89.3 1 1
github.com/cdvelop/tinystring/truncate.go:91.2,92.9 2 1
github.com/cdvelop/tinystring/truncate.go:92.9,94.3 1 1
github.com/cdvelop/tinystring/truncate.go:96.2,97.21 2 1
github.com/cdvelop/tinystring/truncate.go:97.21,99.3 1 0
github.com/cdvelop/tinystring/truncate.go:102.2,103.29 2 1
github.com/cdvelop/tinystring/truncate.go:103.29,104.12 1 1
github.com/cdvelop/tinystring/truncate.go:104.12,106.4 1 1
github.com/cdvelop/tinystring/truncate.go:107.3,107.55 1 1
github.com/cdvelop/tinystring/truncate.go:111.2,111.20 1 1
github.com/cdvelop/tinystring/truncate.go:111.20,114.3 2 1
github.com/cdvelop/tinystring/truncate.go:117.2,117.49 1 1
github.com/cdvelop/tinystring/truncate.go:121.74,123.20 1 1
github.com/cdvelop/tinystring/truncate.go:123.20,126.21 2 1
github.com/cdvelop/tinystring/truncate.go:126.21,128.4 1 1
github.com/cdvelop/tinystring/truncate.go:131.3,131.32 1 1
github.com/cdvelop/tinystring/truncate.go:131.32,133.45 2 1
github.com/cdvelop/tinystring/truncate.go:133.45,136.5 2 1
github.com/cdvelop/tinystring/truncate.go:141.2,144.29 3 1
github.com/cdvelop/tinystring/truncate.go:144.29,146.12 1 1
github.com/cdvelop/tinystring/truncate.go:146.12,147.21 1 1
github.com/cdvelop/tinystring/truncate.go:147.21,150.5 2 1
github.com/cdvelop/tinystring/truncate.go:150.10,151.10 1 0
github.com/cdvelop/tinystring/truncate.go:155.3,158.28 2 1
github.com/cdvelop/tinystring/truncate.go:158.28,162.4 2 1
github.com/cdvelop/tinystring/truncate.go:162.9,166.9 3 1
github.com/cdvelop/tinystring/truncate.go:171.2,173.10 3 1
